<?xml version="1.0" encoding="UTF-8"?>
<!-- Generated by org.testng.reporters.JUnitXMLReporter -->
<testsuite hostname="DESKTOP-LT5NG4U" ignored="12" name="Test" tests="6" failures="0" timestamp="2022-08-22T22:26:20 IST" time="0.098" errors="0">
  <testcase name="ft1" time="0.0" classname="testNG.Flag6groups"/>
  <testcase name="ft2" time="0.0" classname="testNG.Flag6groups"/>
  <testcase name="ft3" time="0.016" classname="testNG.Flag6groups"/>
  <testcase name="ft4" time="0.0" classname="testNG.Flag6groups"/>
  <testcase name="ft5" time="0.0" classname="testNG.Flag6groups"/>
  <testcase name="ft6" time="0.0" classname="testNG.Flag6groups"/>
  <testcase name="it5" time="0.0" classname="testNG.Flag6groups">
    <ignored/>
  </testcase> <!-- it5 -->
  <testcase name="it4" time="0.0" classname="testNG.Flag6groups">
    <ignored/>
  </testcase> <!-- it4 -->
  <testcase name="it3" time="0.0" classname="testNG.Flag6groups">
    <ignored/>
  </testcase> <!-- it3 -->
  <testcase name="st4" time="0.0" classname="testNG.Flag6groups">
    <ignored/>
  </testcase> <!-- st4 -->
  <testcase name="st3" time="0.0" classname="testNG.Flag6groups">
    <ignored/>
  </testcase> <!-- st3 -->
  <testcase name="st2" time="0.0" classname="testNG.Flag6groups">
    <ignored/>
  </testcase> <!-- st2 -->
  <testcase name="st1" time="0.0" classname="testNG.Flag6groups">
    <ignored/>
  </testcase> <!-- st1 -->
  <testcase name="it2" time="0.0" classname="testNG.Flag6groups">
    <ignored/>
  </testcase> <!-- it2 -->
  <testcase name="it1" time="0.0" classname="testNG.Flag6groups">
    <ignored/>
  </testcase> <!-- it1 -->
  <testcase name="st6" time="0.0" classname="testNG.Flag6groups">
    <ignored/>
  </testcase> <!-- st6 -->
  <testcase name="st5" time="0.0" classname="testNG.Flag6groups">
    <ignored/>
  </testcase> <!-- st5 -->
  <testcase name="it6" time="0.0" classname="testNG.Flag6groups">
    <ignored/>
  </testcase> <!-- it6 -->
</testsuite> <!-- Test -->
