<?xml version="1.0" encoding="UTF-8"?>
<!-- Generated by org.testng.reporters.JUnitReportReporter -->
<testsuite skipped="0" hostname="DESKTOP-LT5NG4U" name="testNG.Flag7invocationCount" tests="5000" failures="0" timestamp="2022-08-22T22:28:43 IST" time="3.036" errors="0">
  <testcase name="f" time="0.000" classname="testNG.Flag7invocationCount"/>
  <system-out>
    <![CDATA[create and delete user]]>
  </system-out>
  <testcase name="f" time="0.016" classname="testNG.Flag7invocationCount"/>
  <system-out>
    <![CDATA[create and delete user]]>
  </system-out>
  <testcase name="f" time="0.000" classname="testNG.Flag7invocationCount"/>
  <system-out>
    <![CDATA[create and delete user]]>
  </system-out>
  <testcase name="f" time="0.000" classname="testNG.Flag7invocationCount"/>
  <system-out>
    <![CDATA[create and delete user]]>
  </system-out>
  <testcase name="f" time="0.000" classname="testNG.Flag7invocationCount"/>
  <system-out>
    <![CDATA[create and delete user]]>
  </system-out>
  <testcase name="f" time="0.000" classname="testNG.Flag7invocationCount"/>
  <system-out>
    <![CDATA[create and delete user]]>
  </system-out>
  <testcase name="f" time="0.000" classname="testNG.Flag7invocationCount"/>
  <system-out>
    <![CDATA[create and delete user]]>
  </system-out>
  <testcase name="f" time="0.015" classname="testNG.Flag7invocationCount"/>
  <system-out>
    <![CDATA[create and delete user]]>
  </system-out>
  <testcase name="f" time="0.000" classname="testNG.Flag7invocationCount"/>
  <system-out>
    <![CDATA[create and delete user]]>
  </system-out>
  <testcase name="f" time="0.000" classname="testNG.Flag7invocationCount"/>
  <system-out>
    <![CDATA[create and delete user]]>
  </system-out>
  <testcase name="f" time="0.000" classname="testNG.Flag7invocationCount"/>
  <system-out>
    <![CDATA[create and delete user]]>
  </system-out>
  <testcase name="f" time="0.016" classname="testNG.Flag7invocationCount"/>
  <system-out>
    <![CDATA[create and delete user]]>
  </system-out>
  <testcase name="f" time="0.000" classname="testNG.Flag7invocationCount"/>
  <system-out>
    <![CDATA[create and delete user]]>
  </system-out>
  <testcase name="f" time="0.000" classname="testNG.Flag7invocationCount"/>
  <system-out>
    <![CDATA[create and delete user]]>
  </system-out>
  <testcase name="f" time="0.000" classname="testNG.Flag7invocationCount"/>
  <system-out>
    <![CDATA[create and delete user]]>
  </system-out>
  <testcase name="f" time="0.000" classname="testNG.Flag7invocationCount"/>
  <system-out>
    <![CDATA[create and delete user]]>
  </system-out>
  <testcase name="f" time="0.000" classname="testNG.Flag7invocationCount"/>
  <system-out>
    <![CDATA[create and delete user]]>
  </system-out>
  <testcase name="f" time="0.000" classname="testNG.Flag7invocationCount"/>
  <system-out>
    <![CDATA[create and delete user]]>
  </system-out>
  <testcase name="f" time="0.000" classname="testNG.Flag7invocationCount"/>
  <system-out>
    <![CDATA[create and delete user]]>
  </system-out>
  <testcase name="f" time="0.000" classname="testNG.Flag7invocationCount"/>
  <system-out>
    <![CDATA[create and delete user]]>
  </system-out>
  <testcase name="f" time="0.000" classname="testNG.Flag7invocationCount"/>
  <system-out>
    <![CDATA[create and delete user]]>
  </system-out>
  <testcase name="f" time="0.000" classname="testNG.Flag7invocationCount"/>
  <system-out>
    <![CDATA[create and delete user]]>
  </system-out>
  <testcase name="f" time="0.000" classname="testNG.Flag7invocationCount"/>
  <system-out>
    <![CDATA[create and delete user]]>
  </system-out>
  <testcase name="f" time="0.000" classname="testNG.Flag7invocationCount"/>
  <system-out>
    <![CDATA[create and delete user]]>
  </system-out>
  <testcase name="f" time="0.000" classname="testNG.Flag7invocationCount"/>
  <system-out>
    <![CDATA[create and delete user]]>
  </system-out>
  <testcase name="f" time="0.000" classname="testNG.Flag7invocationCount"/>
  <system-out>
    <![CDATA[create and delete user]]>
  </system-out>
  <testcase name="f" time="0.000" classname="testNG.Flag7invocationCount"/>
  <system-out>
    <![CDATA[create and delete user]]>
  </system-out>
  <testcase name="f" time="0.000" classname="testNG.Flag7invocationCount"/>
  <system-out>
    <![CDATA[create and delete user]]>
  </system-out>
  <testcase name="f" time="0.000" classname="testNG.Flag7invocationCount"/>
  <system-out>
    <![CDATA[create and delete user]]>
  </system-out>
  <testcase name="f" time="0.000" classname="testNG.Flag7invocationCount"/>
  <system-out>
    <![CDATA[create and delete user]]>
  </system-out>
  <testcase name="f" time="0.000" classname="testNG.Flag7invocationCount"/>
  <system-out>
    <![CDATA[create and delete user]]>
  </system-out>
  <testcase name="f" time="0.000" classname="testNG.Flag7invocationCount"/>
  <system-out>
    <![CDATA[create and delete user]]>
  </system-out>
  <testcase name="f" time="0.000" classname="testNG.Flag7invocationCount"/>
  <system-out>
    <![CDATA[create and delete user]]>
  </system-out>
  <testcase name="f" time="0.000" classname="testNG.Flag7invocationCount"/>
  <system-out>
    <![CDATA[create and delete user]]>
  </system-out>
  <testcase name="f" time="0.000" classname="testNG.Flag7invocationCount"/>
  <system-out>
    <![CDATA[create and delete user]]>
  </system-out>
  <testcase name="f" time="0.000" classname="testNG.Flag7invocationCount"/>
  <system-out>
    <![CDATA[create and delete user]]>
  </system-out>
  <testcase name="f" time="0.000" classname="testNG.Flag7invocationCount"/>
  <system-out>
    <![CDATA[create and delete user]]>
  </system-out>
  <testcase name="f" time="0.000" classname="testNG.Flag7invocationCount"/>
  <system-out>
    <![CDATA[create and delete user]]>
  </system-out>
  <testcase name="f" time="0.000" classname="testNG.Flag7invocationCount"/>
  <system-out>
    <![CDATA[create and delete user]]>
  </system-out>
  <testcase name="f" time="0.000" classname="testNG.Flag7invocationCount"/>
  <system-out>
    <![CDATA[create and delete user]]>
  </system-out>
  <testcase name="f" time="0.000" classname="testNG.Flag7invocationCount"/>
  <system-out>
    <![CDATA[create and delete user]]>
  </system-out>
  <testcase name="f" time="0.000" classname="testNG.Flag7invocationCount"/>
  <system-out>
    <![CDATA[create and delete user]]>
  </system-out>
  <testcase name="f" time="0.000" classname="testNG.Flag7invocationCount"/>
  <system-out>
    <![CDATA[create and delete user]]>
  </system-out>
  <testcase name="f" time="0.000" classname="testNG.Flag7invocationCount"/>
  <system-out>
    <![CDATA[create and delete user]]>
  </system-out>
  <testcase name="f" time="0.000" classname="testNG.Flag7invocationCount"/>
  <system-out>
    <![CDATA[create and delete user]]>
  </system-out>
  <testcase name="f" time="0.000" classname="testNG.Flag7invocationCount"/>
  <system-out>
    <![CDATA[create and delete user]]>
  </system-out>
  <testcase name="f" time="0.000" classname="testNG.Flag7invocationCount"/>
  <system-out>
    <![CDATA[create and delete user]]>
  </system-out>
  <testcase name="f" time="0.000" classname="testNG.Flag7invocationCount"/>
  <system-out>
    <![CDATA[create and delete user]]>
  </system-out>
  <testcase name="f" time="0.000" classname="testNG.Flag7invocationCount"/>
  <system-out>
    <![CDATA[create and delete user]]>
  </system-out>
  <testcase name="f" time="0.000" classname="testNG.Flag7invocationCount"/>
  <system-out>
    <![CDATA[create and delete user]]>
  </system-out>
  <testcase name="f" time="0.000" classname="testNG.Flag7invocationCount"/>
  <system-out>
    <![CDATA[create and delete user]]>
  </system-out>
  <testcase name="f" time="0.000" classname="testNG.Flag7invocationCount"/>
  <system-out>
    <![CDATA[create and delete user]]>
  </system-out>
  <testcase name="f" time="0.000" classname="testNG.Flag7invocationCount"/>
  <system-out>
    <![CDATA[create and delete user]]>
  </system-out>
  <testcase name="f" time="0.000" classname="testNG.Flag7invocationCount"/>
  <system-out>
    <![CDATA[create and delete user]]>
  </system-out>
  <testcase name="f" time="0.008" classname="testNG.Flag7invocationCount"/>
  <system-out>
    <![CDATA[create and delete user]]>
  </system-out>
  <testcase name="f" time="0.000" classname="testNG.Flag7invocationCount"/>
  <system-out>
    <![CDATA[create and delete user]]>
  </system-out>
  <testcase name="f" time="0.000" classname="testNG.Flag7invocationCount"/>
  <system-out>
    <![CDATA[create and delete user]]>
  </system-out>
  <testcase name="f" time="0.000" classname="testNG.Flag7invocationCount"/>
  <system-out>
    <![CDATA[create and delete user]]>
  </system-out>
  <testcase name="f" time="0.000" classname="testNG.Flag7invocationCount"/>
  <system-out>
    <![CDATA[create and delete user]]>
  </system-out>
  <testcase name="f" time="0.000" classname="testNG.Flag7invocationCount"/>
  <system-out>
    <![CDATA[create and delete user]]>
  </system-out>
  <testcase name="f" time="0.000" classname="testNG.Flag7invocationCount"/>
  <system-out>
    <![CDATA[create and delete user]]>
  </system-out>
  <testcase name="f" time="0.000" classname="testNG.Flag7invocationCount"/>
  <system-out>
    <![CDATA[create and delete user]]>
  </system-out>
  <testcase name="f" time="0.000" classname="testNG.Flag7invocationCount"/>
  <system-out>
    <![CDATA[create and delete user]]>
  </system-out>
  <testcase name="f" time="0.000" classname="testNG.Flag7invocationCount"/>
  <system-out>
    <![CDATA[create and delete user]]>
  </system-out>
  <testcase name="f" time="0.000" classname="testNG.Flag7invocationCount"/>
  <system-out>
    <![CDATA[create and delete user]]>
  </system-out>
  <testcase name="f" time="0.000" classname="testNG.Flag7invocationCount"/>
  <system-out>
    <![CDATA[create and delete user]]>
  </system-out>
  <testcase name="f" time="0.000" classname="testNG.Flag7invocationCount"/>
  <system-out>
    <![CDATA[create and delete user]]>
  </system-out>
  <testcase name="f" time="0.000" classname="testNG.Flag7invocationCount"/>
  <system-out>
    <![CDATA[create and delete user]]>
  </system-out>
  <testcase name="f" time="0.000" classname="testNG.Flag7invocationCount"/>
  <system-out>
    <![CDATA[create and delete user]]>
  </system-out>
  <testcase name="f" time="0.000" classname="testNG.Flag7invocationCount"/>
  <system-out>
    <![CDATA[create and delete user]]>
  </system-out>
  <testcase name="f" time="0.000" classname="testNG.Flag7invocationCount"/>
  <system-out>
    <![CDATA[create and delete user]]>
  </system-out>
  <testcase name="f" time="0.000" classname="testNG.Flag7invocationCount"/>
  <system-out>
    <![CDATA[create and delete user]]>
  </system-out>
  <testcase name="f" time="0.000" classname="testNG.Flag7invocationCount"/>
  <system-out>
    <![CDATA[create and delete user]]>
  </system-out>
  <testcase name="f" time="0.000" classname="testNG.Flag7invocationCount"/>
  <system-out>
    <![CDATA[create and delete user]]>
  </system-out>
  <testcase name="f" time="0.000" classname="testNG.Flag7invocationCount"/>
  <system-out>
    <![CDATA[create and delete user]]>
  </system-out>
  <testcase name="f" time="0.000" classname="testNG.Flag7invocationCount"/>
  <system-out>
    <![CDATA[create and delete user]]>
  </system-out>
  <testcase name="f" time="0.000" classname="testNG.Flag7invocationCount"/>
  <system-out>
    <![CDATA[create and delete user]]>
  </system-out>
  <testcase name="f" time="0.000" classname="testNG.Flag7invocationCount"/>
  <system-out>
    <![CDATA[create and delete user]]>
  </system-out>
  <testcase name="f" time="0.000" classname="testNG.Flag7invocationCount"/>
  <system-out>
    <![CDATA[create and delete user]]>
  </system-out>
  <testcase name="f" time="0.000" classname="testNG.Flag7invocationCount"/>
  <system-out>
    <![CDATA[create and delete user]]>
  </system-out>
  <testcase name="f" time="0.000" classname="testNG.Flag7invocationCount"/>
  <system-out>
    <![CDATA[create and delete user]]>
  </system-out>
  <testcase name="f" time="0.000" classname="testNG.Flag7invocationCount"/>
  <system-out>
    <![CDATA[create and delete user]]>
  </system-out>
  <testcase name="f" time="0.000" classname="testNG.Flag7invocationCount"/>
  <system-out>
    <![CDATA[create and delete user]]>
  </system-out>
  <testcase name="f" time="0.002" classname="testNG.Flag7invocationCount"/>
  <system-out>
    <![CDATA[create and delete user]]>
  </system-out>
  <testcase name="f" time="0.000" classname="testNG.Flag7invocationCount"/>
  <system-out>
    <![CDATA[create and delete user]]>
  </system-out>
  <testcase name="f" time="0.000" classname="testNG.Flag7invocationCount"/>
  <system-out>
    <![CDATA[create and delete user]]>
  </system-out>
  <testcase name="f" time="0.000" classname="testNG.Flag7invocationCount"/>
  <system-out>
    <![CDATA[create and delete user]]>
  </system-out>
  <testcase name="f" time="0.000" classname="testNG.Flag7invocationCount"/>
  <system-out>
    <![CDATA[create and delete user]]>
  </system-out>
  <testcase name="f" time="0.000" classname="testNG.Flag7invocationCount"/>
  <system-out>
    <![CDATA[create and delete user]]>
  </system-out>
  <testcase name="f" time="0.000" classname="testNG.Flag7invocationCount"/>
  <system-out>
    <![CDATA[create and delete user]]>
  </system-out>
  <testcase name="f" time="0.000" classname="testNG.Flag7invocationCount"/>
  <system-out>
    <![CDATA[create and delete user]]>
  </system-out>
  <testcase name="f" time="0.000" classname="testNG.Flag7invocationCount"/>
  <system-out>
    <![CDATA[create and delete user]]>
  </system-out>
  <testcase name="f" time="0.000" classname="testNG.Flag7invocationCount"/>
  <system-out>
    <![CDATA[create and delete user]]>
  </system-out>
  <testcase name="f" time="0.000" classname="testNG.Flag7invocationCount"/>
  <system-out>
    <![CDATA[create and delete user]]>
  </system-out>
  <testcase name="f" time="0.000" classname="testNG.Flag7invocationCount"/>
  <system-out>
    <![CDATA[create and delete user]]>
  </system-out>
  <testcase name="f" time="0.000" classname="testNG.Flag7invocationCount"/>
  <system-out>
    <![CDATA[create and delete user]]>
  </system-out>
  <testcase name="f" time="0.000" classname="testNG.Flag7invocationCount"/>
  <system-out>
    <![CDATA[create and delete user]]>
  </system-out>
  <testcase name="f" time="0.000" classname="testNG.Flag7invocationCount"/>
  <system-out>
    <![CDATA[create and delete user]]>
  </system-out>
  <testcase name="f" time="0.000" classname="testNG.Flag7invocationCount"/>
  <system-out>
    <![CDATA[create and delete user]]>
  </system-out>
  <testcase name="f" time="0.000" classname="testNG.Flag7invocationCount"/>
  <system-out>
    <![CDATA[create and delete user]]>
  </system-out>
  <testcase name="f" time="0.000" classname="testNG.Flag7invocationCount"/>
  <system-out>
    <![CDATA[create and delete user]]>
  </system-out>
  <testcase name="f" time="0.000" classname="testNG.Flag7invocationCount"/>
  <system-out>
    <![CDATA[create and delete user]]>
  </system-out>
  <testcase name="f" time="0.000" classname="testNG.Flag7invocationCount"/>
  <system-out>
    <![CDATA[create and delete user]]>
  </system-out>
  <testcase name="f" time="0.000" classname="testNG.Flag7invocationCount"/>
  <system-out>
    <![CDATA[create and delete user]]>
  </system-out>
  <testcase name="f" time="0.000" classname="testNG.Flag7invocationCount"/>
  <system-out>
    <![CDATA[create and delete user]]>
  </system-out>
  <testcase name="f" time="0.000" classname="testNG.Flag7invocationCount"/>
  <system-out>
    <![CDATA[create and delete user]]>
  </system-out>
  <testcase name="f" time="0.000" classname="testNG.Flag7invocationCount"/>
  <system-out>
    <![CDATA[create and delete user]]>
  </system-out>
  <testcase name="f" time="0.000" classname="testNG.Flag7invocationCount"/>
  <system-out>
    <![CDATA[create and delete user]]>
  </system-out>
  <testcase name="f" time="0.000" classname="testNG.Flag7invocationCount"/>
  <system-out>
    <![CDATA[create and delete user]]>
  </system-out>
  <testcase name="f" time="0.000" classname="testNG.Flag7invocationCount"/>
  <system-out>
    <![CDATA[create and delete user]]>
  </system-out>
  <testcase name="f" time="0.000" classname="testNG.Flag7invocationCount"/>
  <system-out>
    <![CDATA[create and delete user]]>
  </system-out>
  <testcase name="f" time="0.000" classname="testNG.Flag7invocationCount"/>
  <system-out>
    <![CDATA[create and delete user]]>
  </system-out>
  <testcase name="f" time="0.000" classname="testNG.Flag7invocationCount"/>
  <system-out>
    <![CDATA[create and delete user]]>
  </system-out>
  <testcase name="f" time="0.000" classname="testNG.Flag7invocationCount"/>
  <system-out>
    <![CDATA[create and delete user]]>
  </system-out>
  <testcase name="f" time="0.000" classname="testNG.Flag7invocationCount"/>
  <system-out>
    <![CDATA[create and delete user]]>
  </system-out>
  <testcase name="f" time="0.000" classname="testNG.Flag7invocationCount"/>
  <system-out>
    <![CDATA[create and delete user]]>
  </system-out>
  <testcase name="f" time="0.000" classname="testNG.Flag7invocationCount"/>
  <system-out>
    <![CDATA[create and delete user]]>
  </system-out>
  <testcase name="f" time="0.000" classname="testNG.Flag7invocationCount"/>
  <system-out>
    <![CDATA[create and delete user]]>
  </system-out>
  <testcase name="f" time="0.000" classname="testNG.Flag7invocationCount"/>
  <system-out>
    <![CDATA[create and delete user]]>
  </system-out>
  <testcase name="f" time="0.000" classname="testNG.Flag7invocationCount"/>
  <system-out>
    <![CDATA[create and delete user]]>
  </system-out>
  <testcase name="f" time="0.000" classname="testNG.Flag7invocationCount"/>
  <system-out>
    <![CDATA[create and delete user]]>
  </system-out>
  <testcase name="f" time="0.000" classname="testNG.Flag7invocationCount"/>
  <system-out>
    <![CDATA[create and delete user]]>
  </system-out>
  <testcase name="f" time="0.000" classname="testNG.Flag7invocationCount"/>
  <system-out>
    <![CDATA[create and delete user]]>
  </system-out>
  <testcase name="f" time="0.000" classname="testNG.Flag7invocationCount"/>
  <system-out>
    <![CDATA[create and delete user]]>
  </system-out>
  <testcase name="f" time="0.000" classname="testNG.Flag7invocationCount"/>
  <system-out>
    <![CDATA[create and delete user]]>
  </system-out>
  <testcase name="f" time="0.000" classname="testNG.Flag7invocationCount"/>
  <system-out>
    <![CDATA[create and delete user]]>
  </system-out>
  <testcase name="f" time="0.000" classname="testNG.Flag7invocationCount"/>
  <system-out>
    <![CDATA[create and delete user]]>
  </system-out>
  <testcase name="f" time="0.000" classname="testNG.Flag7invocationCount"/>
  <system-out>
    <![CDATA[create and delete user]]>
  </system-out>
  <testcase name="f" time="0.000" classname="testNG.Flag7invocationCount"/>
  <system-out>
    <![CDATA[create and delete user]]>
  </system-out>
  <testcase name="f" time="0.000" classname="testNG.Flag7invocationCount"/>
  <system-out>
    <![CDATA[create and delete user]]>
  </system-out>
  <testcase name="f" time="0.000" classname="testNG.Flag7invocationCount"/>
  <system-out>
    <![CDATA[create and delete user]]>
  </system-out>
  <testcase name="f" time="0.000" classname="testNG.Flag7invocationCount"/>
  <system-out>
    <![CDATA[create and delete user]]>
  </system-out>
  <testcase name="f" time="0.000" classname="testNG.Flag7invocationCount"/>
  <system-out>
    <![CDATA[create and delete user]]>
  </system-out>
  <testcase name="f" time="0.000" classname="testNG.Flag7invocationCount"/>
  <system-out>
    <![CDATA[create and delete user]]>
  </system-out>
  <testcase name="f" time="0.016" classname="testNG.Flag7invocationCount"/>
  <system-out>
    <![CDATA[create and delete user]]>
  </system-out>
  <testcase name="f" time="0.000" classname="testNG.Flag7invocationCount"/>
  <system-out>
    <![CDATA[create and delete user]]>
  </system-out>
  <testcase name="f" time="0.000" classname="testNG.Flag7invocationCount"/>
  <system-out>
    <![CDATA[create and delete user]]>
  </system-out>
  <testcase name="f" time="0.000" classname="testNG.Flag7invocationCount"/>
  <system-out>
    <![CDATA[create and delete user]]>
  </system-out>
  <testcase name="f" time="0.000" classname="testNG.Flag7invocationCount"/>
  <system-out>
    <![CDATA[create and delete user]]>
  </system-out>
  <testcase name="f" time="0.000" classname="testNG.Flag7invocationCount"/>
  <system-out>
    <![CDATA[create and delete user]]>
  </system-out>
  <testcase name="f" time="0.000" classname="testNG.Flag7invocationCount"/>
  <system-out>
    <![CDATA[create and delete user]]>
  </system-out>
  <testcase name="f" time="0.000" classname="testNG.Flag7invocationCount"/>
  <system-out>
    <![CDATA[create and delete user]]>
  </system-out>
  <testcase name="f" time="0.000" classname="testNG.Flag7invocationCount"/>
  <system-out>
    <![CDATA[create and delete user]]>
  </system-out>
  <testcase name="f" time="0.000" classname="testNG.Flag7invocationCount"/>
  <system-out>
    <![CDATA[create and delete user]]>
  </system-out>
  <testcase name="f" time="0.000" classname="testNG.Flag7invocationCount"/>
  <system-out>
    <![CDATA[create and delete user]]>
  </system-out>
  <testcase name="f" time="0.000" classname="testNG.Flag7invocationCount"/>
  <system-out>
    <![CDATA[create and delete user]]>
  </system-out>
  <testcase name="f" time="0.000" classname="testNG.Flag7invocationCount"/>
  <system-out>
    <![CDATA[create and delete user]]>
  </system-out>
  <testcase name="f" time="0.000" classname="testNG.Flag7invocationCount"/>
  <system-out>
    <![CDATA[create and delete user]]>
  </system-out>
  <testcase name="f" time="0.000" classname="testNG.Flag7invocationCount"/>
  <system-out>
    <![CDATA[create and delete user]]>
  </system-out>
  <testcase name="f" time="0.000" classname="testNG.Flag7invocationCount"/>
  <system-out>
    <![CDATA[create and delete user]]>
  </system-out>
  <testcase name="f" time="0.009" classname="testNG.Flag7invocationCount"/>
  <system-out>
    <![CDATA[create and delete user]]>
  </system-out>
  <testcase name="f" time="0.000" classname="testNG.Flag7invocationCount"/>
  <system-out>
    <![CDATA[create and delete user]]>
  </system-out>
  <testcase name="f" time="0.000" classname="testNG.Flag7invocationCount"/>
  <system-out>
    <![CDATA[create and delete user]]>
  </system-out>
  <testcase name="f" time="0.000" classname="testNG.Flag7invocationCount"/>
  <system-out>
    <![CDATA[create and delete user]]>
  </system-out>
  <testcase name="f" time="0.000" classname="testNG.Flag7invocationCount"/>
  <system-out>
    <![CDATA[create and delete user]]>
  </system-out>
  <testcase name="f" time="0.000" classname="testNG.Flag7invocationCount"/>
  <system-out>
    <![CDATA[create and delete user]]>
  </system-out>
  <testcase name="f" time="0.015" classname="testNG.Flag7invocationCount"/>
  <system-out>
    <![CDATA[create and delete user]]>
  </system-out>
  <testcase name="f" time="0.000" classname="testNG.Flag7invocationCount"/>
  <system-out>
    <![CDATA[create and delete user]]>
  </system-out>
  <testcase name="f" time="0.000" classname="testNG.Flag7invocationCount"/>
  <system-out>
    <![CDATA[create and delete user]]>
  </system-out>
  <testcase name="f" time="0.000" classname="testNG.Flag7invocationCount"/>
  <system-out>
    <![CDATA[create and delete user]]>
  </system-out>
  <testcase name="f" time="0.000" classname="testNG.Flag7invocationCount"/>
  <system-out>
    <![CDATA[create and delete user]]>
  </system-out>
  <testcase name="f" time="0.000" classname="testNG.Flag7invocationCount"/>
  <system-out>
    <![CDATA[create and delete user]]>
  </system-out>
  <testcase name="f" time="0.000" classname="testNG.Flag7invocationCount"/>
  <system-out>
    <![CDATA[create and delete user]]>
  </system-out>
  <testcase name="f" time="0.000" classname="testNG.Flag7invocationCount"/>
  <system-out>
    <![CDATA[create and delete user]]>
  </system-out>
  <testcase name="f" time="0.000" classname="testNG.Flag7invocationCount"/>
  <system-out>
    <![CDATA[create and delete user]]>
  </system-out>
  <testcase name="f" time="0.000" classname="testNG.Flag7invocationCount"/>
  <system-out>
    <![CDATA[create and delete user]]>
  </system-out>
  <testcase name="f" time="0.000" classname="testNG.Flag7invocationCount"/>
  <system-out>
    <![CDATA[create and delete user]]>
  </system-out>
  <testcase name="f" time="0.000" classname="testNG.Flag7invocationCount"/>
  <system-out>
    <![CDATA[create and delete user]]>
  </system-out>
  <testcase name="f" time="0.000" classname="testNG.Flag7invocationCount"/>
  <system-out>
    <![CDATA[create and delete user]]>
  </system-out>
  <testcase name="f" time="0.000" classname="testNG.Flag7invocationCount"/>
  <system-out>
    <![CDATA[create and delete user]]>
  </system-out>
  <testcase name="f" time="0.000" classname="testNG.Flag7invocationCount"/>
  <system-out>
    <![CDATA[create and delete user]]>
  </system-out>
  <testcase name="f" time="0.000" classname="testNG.Flag7invocationCount"/>
  <system-out>
    <![CDATA[create and delete user]]>
  </system-out>
  <testcase name="f" time="0.000" classname="testNG.Flag7invocationCount"/>
  <system-out>
    <![CDATA[create and delete user]]>
  </system-out>
  <testcase name="f" time="0.000" classname="testNG.Flag7invocationCount"/>
  <system-out>
    <![CDATA[create and delete user]]>
  </system-out>
  <testcase name="f" time="0.000" classname="testNG.Flag7invocationCount"/>
  <system-out>
    <![CDATA[create and delete user]]>
  </system-out>
  <testcase name="f" time="0.000" classname="testNG.Flag7invocationCount"/>
  <system-out>
    <![CDATA[create and delete user]]>
  </system-out>
  <testcase name="f" time="0.000" classname="testNG.Flag7invocationCount"/>
  <system-out>
    <![CDATA[create and delete user]]>
  </system-out>
  <testcase name="f" time="0.000" classname="testNG.Flag7invocationCount"/>
  <system-out>
    <![CDATA[create and delete user]]>
  </system-out>
  <testcase name="f" time="0.000" classname="testNG.Flag7invocationCount"/>
  <system-out>
    <![CDATA[create and delete user]]>
  </system-out>
  <testcase name="f" time="0.000" classname="testNG.Flag7invocationCount"/>
  <system-out>
    <![CDATA[create and delete user]]>
  </system-out>
  <testcase name="f" time="0.000" classname="testNG.Flag7invocationCount"/>
  <system-out>
    <![CDATA[create and delete user]]>
  </system-out>
  <testcase name="f" time="0.000" classname="testNG.Flag7invocationCount"/>
  <system-out>
    <![CDATA[create and delete user]]>
  </system-out>
  <testcase name="f" time="0.000" classname="testNG.Flag7invocationCount"/>
  <system-out>
    <![CDATA[create and delete user]]>
  </system-out>
  <testcase name="f" time="0.000" classname="testNG.Flag7invocationCount"/>
  <system-out>
    <![CDATA[create and delete user]]>
  </system-out>
  <testcase name="f" time="0.000" classname="testNG.Flag7invocationCount"/>
  <system-out>
    <![CDATA[create and delete user]]>
  </system-out>
  <testcase name="f" time="0.000" classname="testNG.Flag7invocationCount"/>
  <system-out>
    <![CDATA[create and delete user]]>
  </system-out>
  <testcase name="f" time="0.002" classname="testNG.Flag7invocationCount"/>
  <system-out>
    <![CDATA[create and delete user]]>
  </system-out>
  <testcase name="f" time="0.000" classname="testNG.Flag7invocationCount"/>
  <system-out>
    <![CDATA[create and delete user]]>
  </system-out>
  <testcase name="f" time="0.000" classname="testNG.Flag7invocationCount"/>
  <system-out>
    <![CDATA[create and delete user]]>
  </system-out>
  <testcase name="f" time="0.000" classname="testNG.Flag7invocationCount"/>
  <system-out>
    <![CDATA[create and delete user]]>
  </system-out>
  <testcase name="f" time="0.000" classname="testNG.Flag7invocationCount"/>
  <system-out>
    <![CDATA[create and delete user]]>
  </system-out>
  <testcase name="f" time="0.000" classname="testNG.Flag7invocationCount"/>
  <system-out>
    <![CDATA[create and delete user]]>
  </system-out>
  <testcase name="f" time="0.000" classname="testNG.Flag7invocationCount"/>
  <system-out>
    <![CDATA[create and delete user]]>
  </system-out>
  <testcase name="f" time="0.000" classname="testNG.Flag7invocationCount"/>
  <system-out>
    <![CDATA[create and delete user]]>
  </system-out>
  <testcase name="f" time="0.000" classname="testNG.Flag7invocationCount"/>
  <system-out>
    <![CDATA[create and delete user]]>
  </system-out>
  <testcase name="f" time="0.000" classname="testNG.Flag7invocationCount"/>
  <system-out>
    <![CDATA[create and delete user]]>
  </system-out>
  <testcase name="f" time="0.000" classname="testNG.Flag7invocationCount"/>
  <system-out>
    <![CDATA[create and delete user]]>
  </system-out>
  <testcase name="f" time="0.000" classname="testNG.Flag7invocationCount"/>
  <system-out>
    <![CDATA[create and delete user]]>
  </system-out>
  <testcase name="f" time="0.000" classname="testNG.Flag7invocationCount"/>
  <system-out>
    <![CDATA[create and delete user]]>
  </system-out>
  <testcase name="f" time="0.000" classname="testNG.Flag7invocationCount"/>
  <system-out>
    <![CDATA[create and delete user]]>
  </system-out>
  <testcase name="f" time="0.000" classname="testNG.Flag7invocationCount"/>
  <system-out>
    <![CDATA[create and delete user]]>
  </system-out>
  <testcase name="f" time="0.000" classname="testNG.Flag7invocationCount"/>
  <system-out>
    <![CDATA[create and delete user]]>
  </system-out>
  <testcase name="f" time="0.000" classname="testNG.Flag7invocationCount"/>
  <system-out>
    <![CDATA[create and delete user]]>
  </system-out>
  <testcase name="f" time="0.000" classname="testNG.Flag7invocationCount"/>
  <system-out>
    <![CDATA[create and delete user]]>
  </system-out>
  <testcase name="f" time="0.000" classname="testNG.Flag7invocationCount"/>
  <system-out>
    <![CDATA[create and delete user]]>
  </system-out>
  <testcase name="f" time="0.000" classname="testNG.Flag7invocationCount"/>
  <system-out>
    <![CDATA[create and delete user]]>
  </system-out>
  <testcase name="f" time="0.016" classname="testNG.Flag7invocationCount"/>
  <system-out>
    <![CDATA[create and delete user]]>
  </system-out>
  <testcase name="f" time="0.000" classname="testNG.Flag7invocationCount"/>
  <system-out>
    <![CDATA[create and delete user]]>
  </system-out>
  <testcase name="f" time="0.000" classname="testNG.Flag7invocationCount"/>
  <system-out>
    <![CDATA[create and delete user]]>
  </system-out>
  <testcase name="f" time="0.000" classname="testNG.Flag7invocationCount"/>
  <system-out>
    <![CDATA[create and delete user]]>
  </system-out>
  <testcase name="f" time="0.000" classname="testNG.Flag7invocationCount"/>
  <system-out>
    <![CDATA[create and delete user]]>
  </system-out>
  <testcase name="f" time="0.000" classname="testNG.Flag7invocationCount"/>
  <system-out>
    <![CDATA[create and delete user]]>
  </system-out>
  <testcase name="f" time="0.000" classname="testNG.Flag7invocationCount"/>
  <system-out>
    <![CDATA[create and delete user]]>
  </system-out>
  <testcase name="f" time="0.000" classname="testNG.Flag7invocationCount"/>
  <system-out>
    <![CDATA[create and delete user]]>
  </system-out>
  <testcase name="f" time="0.000" classname="testNG.Flag7invocationCount"/>
  <system-out>
    <![CDATA[create and delete user]]>
  </system-out>
  <testcase name="f" time="0.000" classname="testNG.Flag7invocationCount"/>
  <system-out>
    <![CDATA[create and delete user]]>
  </system-out>
  <testcase name="f" time="0.016" classname="testNG.Flag7invocationCount"/>
  <system-out>
    <![CDATA[create and delete user]]>
  </system-out>
  <testcase name="f" time="0.000" classname="testNG.Flag7invocationCount"/>
  <system-out>
    <![CDATA[create and delete user]]>
  </system-out>
  <testcase name="f" time="0.000" classname="testNG.Flag7invocationCount"/>
  <system-out>
    <![CDATA[create and delete user]]>
  </system-out>
  <testcase name="f" time="0.000" classname="testNG.Flag7invocationCount"/>
  <system-out>
    <![CDATA[create and delete user]]>
  </system-out>
  <testcase name="f" time="0.000" classname="testNG.Flag7invocationCount"/>
  <system-out>
    <![CDATA[create and delete user]]>
  </system-out>
  <testcase name="f" time="0.000" classname="testNG.Flag7invocationCount"/>
  <system-out>
    <![CDATA[create and delete user]]>
  </system-out>
  <testcase name="f" time="0.000" classname="testNG.Flag7invocationCount"/>
  <system-out>
    <![CDATA[create and delete user]]>
  </system-out>
  <testcase name="f" time="0.000" classname="testNG.Flag7invocationCount"/>
  <system-out>
    <![CDATA[create and delete user]]>
  </system-out>
  <testcase name="f" time="0.000" classname="testNG.Flag7invocationCount"/>
  <system-out>
    <![CDATA[create and delete user]]>
  </system-out>
  <testcase name="f" time="0.000" classname="testNG.Flag7invocationCount"/>
  <system-out>
    <![CDATA[create and delete user]]>
  </system-out>
  <testcase name="f" time="0.000" classname="testNG.Flag7invocationCount"/>
  <system-out>
    <![CDATA[create and delete user]]>
  </system-out>
  <testcase name="f" time="0.000" classname="testNG.Flag7invocationCount"/>
  <system-out>
    <![CDATA[create and delete user]]>
  </system-out>
  <testcase name="f" time="0.000" classname="testNG.Flag7invocationCount"/>
  <system-out>
    <![CDATA[create and delete user]]>
  </system-out>
  <testcase name="f" time="0.000" classname="testNG.Flag7invocationCount"/>
  <system-out>
    <![CDATA[create and delete user]]>
  </system-out>
  <testcase name="f" time="0.000" classname="testNG.Flag7invocationCount"/>
  <system-out>
    <![CDATA[create and delete user]]>
  </system-out>
  <testcase name="f" time="0.000" classname="testNG.Flag7invocationCount"/>
  <system-out>
    <![CDATA[create and delete user]]>
  </system-out>
  <testcase name="f" time="0.000" classname="testNG.Flag7invocationCount"/>
  <system-out>
    <![CDATA[create and delete user]]>
  </system-out>
  <testcase name="f" time="0.000" classname="testNG.Flag7invocationCount"/>
  <system-out>
    <![CDATA[create and delete user]]>
  </system-out>
  <testcase name="f" time="0.000" classname="testNG.Flag7invocationCount"/>
  <system-out>
    <![CDATA[create and delete user]]>
  </system-out>
  <testcase name="f" time="0.000" classname="testNG.Flag7invocationCount"/>
  <system-out>
    <![CDATA[create and delete user]]>
  </system-out>
  <testcase name="f" time="0.000" classname="testNG.Flag7invocationCount"/>
  <system-out>
    <![CDATA[create and delete user]]>
  </system-out>
  <testcase name="f" time="0.000" classname="testNG.Flag7invocationCount"/>
  <system-out>
    <![CDATA[create and delete user]]>
  </system-out>
  <testcase name="f" time="0.000" classname="testNG.Flag7invocationCount"/>
  <system-out>
    <![CDATA[create and delete user]]>
  </system-out>
  <testcase name="f" time="0.000" classname="testNG.Flag7invocationCount"/>
  <system-out>
    <![CDATA[create and delete user]]>
  </system-out>
  <testcase name="f" time="0.016" classname="testNG.Flag7invocationCount"/>
  <system-out>
    <![CDATA[create and delete user]]>
  </system-out>
  <testcase name="f" time="0.000" classname="testNG.Flag7invocationCount"/>
  <system-out>
    <![CDATA[create and delete user]]>
  </system-out>
  <testcase name="f" time="0.000" classname="testNG.Flag7invocationCount"/>
  <system-out>
    <![CDATA[create and delete user]]>
  </system-out>
  <testcase name="f" time="0.000" classname="testNG.Flag7invocationCount"/>
  <system-out>
    <![CDATA[create and delete user]]>
  </system-out>
  <testcase name="f" time="0.000" classname="testNG.Flag7invocationCount"/>
  <system-out>
    <![CDATA[create and delete user]]>
  </system-out>
  <testcase name="f" time="0.000" classname="testNG.Flag7invocationCount"/>
  <system-out>
    <![CDATA[create and delete user]]>
  </system-out>
  <testcase name="f" time="0.000" classname="testNG.Flag7invocationCount"/>
  <system-out>
    <![CDATA[create and delete user]]>
  </system-out>
  <testcase name="f" time="0.000" classname="testNG.Flag7invocationCount"/>
  <system-out>
    <![CDATA[create and delete user]]>
  </system-out>
  <testcase name="f" time="0.000" classname="testNG.Flag7invocationCount"/>
  <system-out>
    <![CDATA[create and delete user]]>
  </system-out>
  <testcase name="f" time="0.015" classname="testNG.Flag7invocationCount"/>
  <system-out>
    <![CDATA[create and delete user]]>
  </system-out>
  <testcase name="f" time="0.000" classname="testNG.Flag7invocationCount"/>
  <system-out>
    <![CDATA[create and delete user]]>
  </system-out>
  <testcase name="f" time="0.000" classname="testNG.Flag7invocationCount"/>
  <system-out>
    <![CDATA[create and delete user]]>
  </system-out>
  <testcase name="f" time="0.000" classname="testNG.Flag7invocationCount"/>
  <system-out>
    <![CDATA[create and delete user]]>
  </system-out>
  <testcase name="f" time="0.000" classname="testNG.Flag7invocationCount"/>
  <system-out>
    <![CDATA[create and delete user]]>
  </system-out>
  <testcase name="f" time="0.000" classname="testNG.Flag7invocationCount"/>
  <system-out>
    <![CDATA[create and delete user]]>
  </system-out>
  <testcase name="f" time="0.000" classname="testNG.Flag7invocationCount"/>
  <system-out>
    <![CDATA[create and delete user]]>
  </system-out>
  <testcase name="f" time="0.000" classname="testNG.Flag7invocationCount"/>
  <system-out>
    <![CDATA[create and delete user]]>
  </system-out>
  <testcase name="f" time="0.018" classname="testNG.Flag7invocationCount"/>
  <system-out>
    <![CDATA[create and delete user]]>
  </system-out>
  <testcase name="f" time="0.000" classname="testNG.Flag7invocationCount"/>
  <system-out>
    <![CDATA[create and delete user]]>
  </system-out>
  <testcase name="f" time="0.000" classname="testNG.Flag7invocationCount"/>
  <system-out>
    <![CDATA[create and delete user]]>
  </system-out>
  <testcase name="f" time="0.000" classname="testNG.Flag7invocationCount"/>
  <system-out>
    <![CDATA[create and delete user]]>
  </system-out>
  <testcase name="f" time="0.000" classname="testNG.Flag7invocationCount"/>
  <system-out>
    <![CDATA[create and delete user]]>
  </system-out>
  <testcase name="f" time="0.000" classname="testNG.Flag7invocationCount"/>
  <system-out>
    <![CDATA[create and delete user]]>
  </system-out>
  <testcase name="f" time="0.000" classname="testNG.Flag7invocationCount"/>
  <system-out>
    <![CDATA[create and delete user]]>
  </system-out>
  <testcase name="f" time="0.000" classname="testNG.Flag7invocationCount"/>
  <system-out>
    <![CDATA[create and delete user]]>
  </system-out>
  <testcase name="f" time="0.000" classname="testNG.Flag7invocationCount"/>
  <system-out>
    <![CDATA[create and delete user]]>
  </system-out>
  <testcase name="f" time="0.000" classname="testNG.Flag7invocationCount"/>
  <system-out>
    <![CDATA[create and delete user]]>
  </system-out>
  <testcase name="f" time="0.000" classname="testNG.Flag7invocationCount"/>
  <system-out>
    <![CDATA[create and delete user]]>
  </system-out>
  <testcase name="f" time="0.000" classname="testNG.Flag7invocationCount"/>
  <system-out>
    <![CDATA[create and delete user]]>
  </system-out>
  <testcase name="f" time="0.000" classname="testNG.Flag7invocationCount"/>
  <system-out>
    <![CDATA[create and delete user]]>
  </system-out>
  <testcase name="f" time="0.000" classname="testNG.Flag7invocationCount"/>
  <system-out>
    <![CDATA[create and delete user]]>
  </system-out>
  <testcase name="f" time="0.000" classname="testNG.Flag7invocationCount"/>
  <system-out>
    <![CDATA[create and delete user]]>
  </system-out>
  <testcase name="f" time="0.000" classname="testNG.Flag7invocationCount"/>
  <system-out>
    <![CDATA[create and delete user]]>
  </system-out>
  <testcase name="f" time="0.000" classname="testNG.Flag7invocationCount"/>
  <system-out>
    <![CDATA[create and delete user]]>
  </system-out>
  <testcase name="f" time="0.000" classname="testNG.Flag7invocationCount"/>
  <system-out>
    <![CDATA[create and delete user]]>
  </system-out>
  <testcase name="f" time="0.000" classname="testNG.Flag7invocationCount"/>
  <system-out>
    <![CDATA[create and delete user]]>
  </system-out>
  <testcase name="f" time="0.000" classname="testNG.Flag7invocationCount"/>
  <system-out>
    <![CDATA[create and delete user]]>
  </system-out>
  <testcase name="f" time="0.000" classname="testNG.Flag7invocationCount"/>
  <system-out>
    <![CDATA[create and delete user]]>
  </system-out>
  <testcase name="f" time="0.000" classname="testNG.Flag7invocationCount"/>
  <system-out>
    <![CDATA[create and delete user]]>
  </system-out>
  <testcase name="f" time="0.010" classname="testNG.Flag7invocationCount"/>
  <system-out>
    <![CDATA[create and delete user]]>
  </system-out>
  <testcase name="f" time="0.000" classname="testNG.Flag7invocationCount"/>
  <system-out>
    <![CDATA[create and delete user]]>
  </system-out>
  <testcase name="f" time="0.000" classname="testNG.Flag7invocationCount"/>
  <system-out>
    <![CDATA[create and delete user]]>
  </system-out>
  <testcase name="f" time="0.000" classname="testNG.Flag7invocationCount"/>
  <system-out>
    <![CDATA[create and delete user]]>
  </system-out>
  <testcase name="f" time="0.000" classname="testNG.Flag7invocationCount"/>
  <system-out>
    <![CDATA[create and delete user]]>
  </system-out>
  <testcase name="f" time="0.000" classname="testNG.Flag7invocationCount"/>
  <system-out>
    <![CDATA[create and delete user]]>
  </system-out>
  <testcase name="f" time="0.000" classname="testNG.Flag7invocationCount"/>
  <system-out>
    <![CDATA[create and delete user]]>
  </system-out>
  <testcase name="f" time="0.000" classname="testNG.Flag7invocationCount"/>
  <system-out>
    <![CDATA[create and delete user]]>
  </system-out>
  <testcase name="f" time="0.000" classname="testNG.Flag7invocationCount"/>
  <system-out>
    <![CDATA[create and delete user]]>
  </system-out>
  <testcase name="f" time="0.000" classname="testNG.Flag7invocationCount"/>
  <system-out>
    <![CDATA[create and delete user]]>
  </system-out>
  <testcase name="f" time="0.000" classname="testNG.Flag7invocationCount"/>
  <system-out>
    <![CDATA[create and delete user]]>
  </system-out>
  <testcase name="f" time="0.000" classname="testNG.Flag7invocationCount"/>
  <system-out>
    <![CDATA[create and delete user]]>
  </system-out>
  <testcase name="f" time="0.000" classname="testNG.Flag7invocationCount"/>
  <system-out>
    <![CDATA[create and delete user]]>
  </system-out>
  <testcase name="f" time="0.000" classname="testNG.Flag7invocationCount"/>
  <system-out>
    <![CDATA[create and delete user]]>
  </system-out>
  <testcase name="f" time="0.000" classname="testNG.Flag7invocationCount"/>
  <system-out>
    <![CDATA[create and delete user]]>
  </system-out>
  <testcase name="f" time="0.000" classname="testNG.Flag7invocationCount"/>
  <system-out>
    <![CDATA[create and delete user]]>
  </system-out>
  <testcase name="f" time="0.000" classname="testNG.Flag7invocationCount"/>
  <system-out>
    <![CDATA[create and delete user]]>
  </system-out>
  <testcase name="f" time="0.000" classname="testNG.Flag7invocationCount"/>
  <system-out>
    <![CDATA[create and delete user]]>
  </system-out>
  <testcase name="f" time="0.000" classname="testNG.Flag7invocationCount"/>
  <system-out>
    <![CDATA[create and delete user]]>
  </system-out>
  <testcase name="f" time="0.000" classname="testNG.Flag7invocationCount"/>
  <system-out>
    <![CDATA[create and delete user]]>
  </system-out>
  <testcase name="f" time="0.000" classname="testNG.Flag7invocationCount"/>
  <system-out>
    <![CDATA[create and delete user]]>
  </system-out>
  <testcase name="f" time="0.000" classname="testNG.Flag7invocationCount"/>
  <system-out>
    <![CDATA[create and delete user]]>
  </system-out>
  <testcase name="f" time="0.000" classname="testNG.Flag7invocationCount"/>
  <system-out>
    <![CDATA[create and delete user]]>
  </system-out>
  <testcase name="f" time="0.000" classname="testNG.Flag7invocationCount"/>
  <system-out>
    <![CDATA[create and delete user]]>
  </system-out>
  <testcase name="f" time="0.002" classname="testNG.Flag7invocationCount"/>
  <system-out>
    <![CDATA[create and delete user]]>
  </system-out>
  <testcase name="f" time="0.000" classname="testNG.Flag7invocationCount"/>
  <system-out>
    <![CDATA[create and delete user]]>
  </system-out>
  <testcase name="f" time="0.000" classname="testNG.Flag7invocationCount"/>
  <system-out>
    <![CDATA[create and delete user]]>
  </system-out>
  <testcase name="f" time="0.000" classname="testNG.Flag7invocationCount"/>
  <system-out>
    <![CDATA[create and delete user]]>
  </system-out>
  <testcase name="f" time="0.000" classname="testNG.Flag7invocationCount"/>
  <system-out>
    <![CDATA[create and delete user]]>
  </system-out>
  <testcase name="f" time="0.000" classname="testNG.Flag7invocationCount"/>
  <system-out>
    <![CDATA[create and delete user]]>
  </system-out>
  <testcase name="f" time="0.000" classname="testNG.Flag7invocationCount"/>
  <system-out>
    <![CDATA[create and delete user]]>
  </system-out>
  <testcase name="f" time="0.008" classname="testNG.Flag7invocationCount"/>
  <system-out>
    <![CDATA[create and delete user]]>
  </system-out>
  <testcase name="f" time="0.008" classname="testNG.Flag7invocationCount"/>
  <system-out>
    <![CDATA[create and delete user]]>
  </system-out>
  <testcase name="f" time="0.000" classname="testNG.Flag7invocationCount"/>
  <system-out>
    <![CDATA[create and delete user]]>
  </system-out>
  <testcase name="f" time="0.000" classname="testNG.Flag7invocationCount"/>
  <system-out>
    <![CDATA[create and delete user]]>
  </system-out>
  <testcase name="f" time="0.000" classname="testNG.Flag7invocationCount"/>
  <system-out>
    <![CDATA[create and delete user]]>
  </system-out>
  <testcase name="f" time="0.000" classname="testNG.Flag7invocationCount"/>
  <system-out>
    <![CDATA[create and delete user]]>
  </system-out>
  <testcase name="f" time="0.000" classname="testNG.Flag7invocationCount"/>
  <system-out>
    <![CDATA[create and delete user]]>
  </system-out>
  <testcase name="f" time="0.000" classname="testNG.Flag7invocationCount"/>
  <system-out>
    <![CDATA[create and delete user]]>
  </system-out>
  <testcase name="f" time="0.000" classname="testNG.Flag7invocationCount"/>
  <system-out>
    <![CDATA[create and delete user]]>
  </system-out>
  <testcase name="f" time="0.000" classname="testNG.Flag7invocationCount"/>
  <system-out>
    <![CDATA[create and delete user]]>
  </system-out>
  <testcase name="f" time="0.000" classname="testNG.Flag7invocationCount"/>
  <system-out>
    <![CDATA[create and delete user]]>
  </system-out>
  <testcase name="f" time="0.000" classname="testNG.Flag7invocationCount"/>
  <system-out>
    <![CDATA[create and delete user]]>
  </system-out>
  <testcase name="f" time="0.000" classname="testNG.Flag7invocationCount"/>
  <system-out>
    <![CDATA[create and delete user]]>
  </system-out>
  <testcase name="f" time="0.000" classname="testNG.Flag7invocationCount"/>
  <system-out>
    <![CDATA[create and delete user]]>
  </system-out>
  <testcase name="f" time="0.000" classname="testNG.Flag7invocationCount"/>
  <system-out>
    <![CDATA[create and delete user]]>
  </system-out>
  <testcase name="f" time="0.000" classname="testNG.Flag7invocationCount"/>
  <system-out>
    <![CDATA[create and delete user]]>
  </system-out>
  <testcase name="f" time="0.000" classname="testNG.Flag7invocationCount"/>
  <system-out>
    <![CDATA[create and delete user]]>
  </system-out>
  <testcase name="f" time="0.000" classname="testNG.Flag7invocationCount"/>
  <system-out>
    <![CDATA[create and delete user]]>
  </system-out>
  <testcase name="f" time="0.000" classname="testNG.Flag7invocationCount"/>
  <system-out>
    <![CDATA[create and delete user]]>
  </system-out>
  <testcase name="f" time="0.000" classname="testNG.Flag7invocationCount"/>
  <system-out>
    <![CDATA[create and delete user]]>
  </system-out>
  <testcase name="f" time="0.000" classname="testNG.Flag7invocationCount"/>
  <system-out>
    <![CDATA[create and delete user]]>
  </system-out>
  <testcase name="f" time="0.000" classname="testNG.Flag7invocationCount"/>
  <system-out>
    <![CDATA[create and delete user]]>
  </system-out>
  <testcase name="f" time="0.000" classname="testNG.Flag7invocationCount"/>
  <system-out>
    <![CDATA[create and delete user]]>
  </system-out>
  <testcase name="f" time="0.000" classname="testNG.Flag7invocationCount"/>
  <system-out>
    <![CDATA[create and delete user]]>
  </system-out>
  <testcase name="f" time="0.000" classname="testNG.Flag7invocationCount"/>
  <system-out>
    <![CDATA[create and delete user]]>
  </system-out>
  <testcase name="f" time="0.000" classname="testNG.Flag7invocationCount"/>
  <system-out>
    <![CDATA[create and delete user]]>
  </system-out>
  <testcase name="f" time="0.000" classname="testNG.Flag7invocationCount"/>
  <system-out>
    <![CDATA[create and delete user]]>
  </system-out>
  <testcase name="f" time="0.000" classname="testNG.Flag7invocationCount"/>
  <system-out>
    <![CDATA[create and delete user]]>
  </system-out>
  <testcase name="f" time="0.000" classname="testNG.Flag7invocationCount"/>
  <system-out>
    <![CDATA[create and delete user]]>
  </system-out>
  <testcase name="f" time="0.000" classname="testNG.Flag7invocationCount"/>
  <system-out>
    <![CDATA[create and delete user]]>
  </system-out>
  <testcase name="f" time="0.000" classname="testNG.Flag7invocationCount"/>
  <system-out>
    <![CDATA[create and delete user]]>
  </system-out>
  <testcase name="f" time="0.000" classname="testNG.Flag7invocationCount"/>
  <system-out>
    <![CDATA[create and delete user]]>
  </system-out>
  <testcase name="f" time="0.000" classname="testNG.Flag7invocationCount"/>
  <system-out>
    <![CDATA[create and delete user]]>
  </system-out>
  <testcase name="f" time="0.000" classname="testNG.Flag7invocationCount"/>
  <system-out>
    <![CDATA[create and delete user]]>
  </system-out>
  <testcase name="f" time="0.000" classname="testNG.Flag7invocationCount"/>
  <system-out>
    <![CDATA[create and delete user]]>
  </system-out>
  <testcase name="f" time="0.000" classname="testNG.Flag7invocationCount"/>
  <system-out>
    <![CDATA[create and delete user]]>
  </system-out>
  <testcase name="f" time="0.000" classname="testNG.Flag7invocationCount"/>
  <system-out>
    <![CDATA[create and delete user]]>
  </system-out>
  <testcase name="f" time="0.000" classname="testNG.Flag7invocationCount"/>
  <system-out>
    <![CDATA[create and delete user]]>
  </system-out>
  <testcase name="f" time="0.000" classname="testNG.Flag7invocationCount"/>
  <system-out>
    <![CDATA[create and delete user]]>
  </system-out>
  <testcase name="f" time="0.000" classname="testNG.Flag7invocationCount"/>
  <system-out>
    <![CDATA[create and delete user]]>
  </system-out>
  <testcase name="f" time="0.000" classname="testNG.Flag7invocationCount"/>
  <system-out>
    <![CDATA[create and delete user]]>
  </system-out>
  <testcase name="f" time="0.000" classname="testNG.Flag7invocationCount"/>
  <system-out>
    <![CDATA[create and delete user]]>
  </system-out>
  <testcase name="f" time="0.000" classname="testNG.Flag7invocationCount"/>
  <system-out>
    <![CDATA[create and delete user]]>
  </system-out>
  <testcase name="f" time="0.000" classname="testNG.Flag7invocationCount"/>
  <system-out>
    <![CDATA[create and delete user]]>
  </system-out>
  <testcase name="f" time="0.000" classname="testNG.Flag7invocationCount"/>
  <system-out>
    <![CDATA[create and delete user]]>
  </system-out>
  <testcase name="f" time="0.000" classname="testNG.Flag7invocationCount"/>
  <system-out>
    <![CDATA[create and delete user]]>
  </system-out>
  <testcase name="f" time="0.000" classname="testNG.Flag7invocationCount"/>
  <system-out>
    <![CDATA[create and delete user]]>
  </system-out>
  <testcase name="f" time="0.000" classname="testNG.Flag7invocationCount"/>
  <system-out>
    <![CDATA[create and delete user]]>
  </system-out>
  <testcase name="f" time="0.000" classname="testNG.Flag7invocationCount"/>
  <system-out>
    <![CDATA[create and delete user]]>
  </system-out>
  <testcase name="f" time="0.000" classname="testNG.Flag7invocationCount"/>
  <system-out>
    <![CDATA[create and delete user]]>
  </system-out>
  <testcase name="f" time="0.000" classname="testNG.Flag7invocationCount"/>
  <system-out>
    <![CDATA[create and delete user]]>
  </system-out>
  <testcase name="f" time="0.000" classname="testNG.Flag7invocationCount"/>
  <system-out>
    <![CDATA[create and delete user]]>
  </system-out>
  <testcase name="f" time="0.000" classname="testNG.Flag7invocationCount"/>
  <system-out>
    <![CDATA[create and delete user]]>
  </system-out>
  <testcase name="f" time="0.000" classname="testNG.Flag7invocationCount"/>
  <system-out>
    <![CDATA[create and delete user]]>
  </system-out>
  <testcase name="f" time="0.000" classname="testNG.Flag7invocationCount"/>
  <system-out>
    <![CDATA[create and delete user]]>
  </system-out>
  <testcase name="f" time="0.000" classname="testNG.Flag7invocationCount"/>
  <system-out>
    <![CDATA[create and delete user]]>
  </system-out>
  <testcase name="f" time="0.000" classname="testNG.Flag7invocationCount"/>
  <system-out>
    <![CDATA[create and delete user]]>
  </system-out>
  <testcase name="f" time="0.008" classname="testNG.Flag7invocationCount"/>
  <system-out>
    <![CDATA[create and delete user]]>
  </system-out>
  <testcase name="f" time="0.000" classname="testNG.Flag7invocationCount"/>
  <system-out>
    <![CDATA[create and delete user]]>
  </system-out>
  <testcase name="f" time="0.000" classname="testNG.Flag7invocationCount"/>
  <system-out>
    <![CDATA[create and delete user]]>
  </system-out>
  <testcase name="f" time="0.000" classname="testNG.Flag7invocationCount"/>
  <system-out>
    <![CDATA[create and delete user]]>
  </system-out>
  <testcase name="f" time="0.000" classname="testNG.Flag7invocationCount"/>
  <system-out>
    <![CDATA[create and delete user]]>
  </system-out>
  <testcase name="f" time="0.000" classname="testNG.Flag7invocationCount"/>
  <system-out>
    <![CDATA[create and delete user]]>
  </system-out>
  <testcase name="f" time="0.002" classname="testNG.Flag7invocationCount"/>
  <system-out>
    <![CDATA[create and delete user]]>
  </system-out>
  <testcase name="f" time="0.000" classname="testNG.Flag7invocationCount"/>
  <system-out>
    <![CDATA[create and delete user]]>
  </system-out>
  <testcase name="f" time="0.000" classname="testNG.Flag7invocationCount"/>
  <system-out>
    <![CDATA[create and delete user]]>
  </system-out>
  <testcase name="f" time="0.000" classname="testNG.Flag7invocationCount"/>
  <system-out>
    <![CDATA[create and delete user]]>
  </system-out>
  <testcase name="f" time="0.000" classname="testNG.Flag7invocationCount"/>
  <system-out>
    <![CDATA[create and delete user]]>
  </system-out>
  <testcase name="f" time="0.000" classname="testNG.Flag7invocationCount"/>
  <system-out>
    <![CDATA[create and delete user]]>
  </system-out>
  <testcase name="f" time="0.000" classname="testNG.Flag7invocationCount"/>
  <system-out>
    <![CDATA[create and delete user]]>
  </system-out>
  <testcase name="f" time="0.000" classname="testNG.Flag7invocationCount"/>
  <system-out>
    <![CDATA[create and delete user]]>
  </system-out>
  <testcase name="f" time="0.000" classname="testNG.Flag7invocationCount"/>
  <system-out>
    <![CDATA[create and delete user]]>
  </system-out>
  <testcase name="f" time="0.000" classname="testNG.Flag7invocationCount"/>
  <system-out>
    <![CDATA[create and delete user]]>
  </system-out>
  <testcase name="f" time="0.000" classname="testNG.Flag7invocationCount"/>
  <system-out>
    <![CDATA[create and delete user]]>
  </system-out>
  <testcase name="f" time="0.000" classname="testNG.Flag7invocationCount"/>
  <system-out>
    <![CDATA[create and delete user]]>
  </system-out>
  <testcase name="f" time="0.000" classname="testNG.Flag7invocationCount"/>
  <system-out>
    <![CDATA[create and delete user]]>
  </system-out>
  <testcase name="f" time="0.000" classname="testNG.Flag7invocationCount"/>
  <system-out>
    <![CDATA[create and delete user]]>
  </system-out>
  <testcase name="f" time="0.000" classname="testNG.Flag7invocationCount"/>
  <system-out>
    <![CDATA[create and delete user]]>
  </system-out>
  <testcase name="f" time="0.000" classname="testNG.Flag7invocationCount"/>
  <system-out>
    <![CDATA[create and delete user]]>
  </system-out>
  <testcase name="f" time="0.000" classname="testNG.Flag7invocationCount"/>
  <system-out>
    <![CDATA[create and delete user]]>
  </system-out>
  <testcase name="f" time="0.000" classname="testNG.Flag7invocationCount"/>
  <system-out>
    <![CDATA[create and delete user]]>
  </system-out>
  <testcase name="f" time="0.000" classname="testNG.Flag7invocationCount"/>
  <system-out>
    <![CDATA[create and delete user]]>
  </system-out>
  <testcase name="f" time="0.000" classname="testNG.Flag7invocationCount"/>
  <system-out>
    <![CDATA[create and delete user]]>
  </system-out>
  <testcase name="f" time="0.000" classname="testNG.Flag7invocationCount"/>
  <system-out>
    <![CDATA[create and delete user]]>
  </system-out>
  <testcase name="f" time="0.000" classname="testNG.Flag7invocationCount"/>
  <system-out>
    <![CDATA[create and delete user]]>
  </system-out>
  <testcase name="f" time="0.008" classname="testNG.Flag7invocationCount"/>
  <system-out>
    <![CDATA[create and delete user]]>
  </system-out>
  <testcase name="f" time="0.000" classname="testNG.Flag7invocationCount"/>
  <system-out>
    <![CDATA[create and delete user]]>
  </system-out>
  <testcase name="f" time="0.000" classname="testNG.Flag7invocationCount"/>
  <system-out>
    <![CDATA[create and delete user]]>
  </system-out>
  <testcase name="f" time="0.000" classname="testNG.Flag7invocationCount"/>
  <system-out>
    <![CDATA[create and delete user]]>
  </system-out>
  <testcase name="f" time="0.000" classname="testNG.Flag7invocationCount"/>
  <system-out>
    <![CDATA[create and delete user]]>
  </system-out>
  <testcase name="f" time="0.000" classname="testNG.Flag7invocationCount"/>
  <system-out>
    <![CDATA[create and delete user]]>
  </system-out>
  <testcase name="f" time="0.000" classname="testNG.Flag7invocationCount"/>
  <system-out>
    <![CDATA[create and delete user]]>
  </system-out>
  <testcase name="f" time="0.000" classname="testNG.Flag7invocationCount"/>
  <system-out>
    <![CDATA[create and delete user]]>
  </system-out>
  <testcase name="f" time="0.000" classname="testNG.Flag7invocationCount"/>
  <system-out>
    <![CDATA[create and delete user]]>
  </system-out>
  <testcase name="f" time="0.000" classname="testNG.Flag7invocationCount"/>
  <system-out>
    <![CDATA[create and delete user]]>
  </system-out>
  <testcase name="f" time="0.000" classname="testNG.Flag7invocationCount"/>
  <system-out>
    <![CDATA[create and delete user]]>
  </system-out>
  <testcase name="f" time="0.000" classname="testNG.Flag7invocationCount"/>
  <system-out>
    <![CDATA[create and delete user]]>
  </system-out>
  <testcase name="f" time="0.002" classname="testNG.Flag7invocationCount"/>
  <system-out>
    <![CDATA[create and delete user]]>
  </system-out>
  <testcase name="f" time="0.000" classname="testNG.Flag7invocationCount"/>
  <system-out>
    <![CDATA[create and delete user]]>
  </system-out>
  <testcase name="f" time="0.002" classname="testNG.Flag7invocationCount"/>
  <system-out>
    <![CDATA[create and delete user]]>
  </system-out>
  <testcase name="f" time="0.000" classname="testNG.Flag7invocationCount"/>
  <system-out>
    <![CDATA[create and delete user]]>
  </system-out>
  <testcase name="f" time="0.000" classname="testNG.Flag7invocationCount"/>
  <system-out>
    <![CDATA[create and delete user]]>
  </system-out>
  <testcase name="f" time="0.000" classname="testNG.Flag7invocationCount"/>
  <system-out>
    <![CDATA[create and delete user]]>
  </system-out>
  <testcase name="f" time="0.000" classname="testNG.Flag7invocationCount"/>
  <system-out>
    <![CDATA[create and delete user]]>
  </system-out>
  <testcase name="f" time="0.000" classname="testNG.Flag7invocationCount"/>
  <system-out>
    <![CDATA[create and delete user]]>
  </system-out>
  <testcase name="f" time="0.000" classname="testNG.Flag7invocationCount"/>
  <system-out>
    <![CDATA[create and delete user]]>
  </system-out>
  <testcase name="f" time="0.000" classname="testNG.Flag7invocationCount"/>
  <system-out>
    <![CDATA[create and delete user]]>
  </system-out>
  <testcase name="f" time="0.000" classname="testNG.Flag7invocationCount"/>
  <system-out>
    <![CDATA[create and delete user]]>
  </system-out>
  <testcase name="f" time="0.000" classname="testNG.Flag7invocationCount"/>
  <system-out>
    <![CDATA[create and delete user]]>
  </system-out>
  <testcase name="f" time="0.000" classname="testNG.Flag7invocationCount"/>
  <system-out>
    <![CDATA[create and delete user]]>
  </system-out>
  <testcase name="f" time="0.000" classname="testNG.Flag7invocationCount"/>
  <system-out>
    <![CDATA[create and delete user]]>
  </system-out>
  <testcase name="f" time="0.000" classname="testNG.Flag7invocationCount"/>
  <system-out>
    <![CDATA[create and delete user]]>
  </system-out>
  <testcase name="f" time="0.002" classname="testNG.Flag7invocationCount"/>
  <system-out>
    <![CDATA[create and delete user]]>
  </system-out>
  <testcase name="f" time="0.000" classname="testNG.Flag7invocationCount"/>
  <system-out>
    <![CDATA[create and delete user]]>
  </system-out>
  <testcase name="f" time="0.000" classname="testNG.Flag7invocationCount"/>
  <system-out>
    <![CDATA[create and delete user]]>
  </system-out>
  <testcase name="f" time="0.000" classname="testNG.Flag7invocationCount"/>
  <system-out>
    <![CDATA[create and delete user]]>
  </system-out>
  <testcase name="f" time="0.000" classname="testNG.Flag7invocationCount"/>
  <system-out>
    <![CDATA[create and delete user]]>
  </system-out>
  <testcase name="f" time="0.000" classname="testNG.Flag7invocationCount"/>
  <system-out>
    <![CDATA[create and delete user]]>
  </system-out>
  <testcase name="f" time="0.000" classname="testNG.Flag7invocationCount"/>
  <system-out>
    <![CDATA[create and delete user]]>
  </system-out>
  <testcase name="f" time="0.000" classname="testNG.Flag7invocationCount"/>
  <system-out>
    <![CDATA[create and delete user]]>
  </system-out>
  <testcase name="f" time="0.000" classname="testNG.Flag7invocationCount"/>
  <system-out>
    <![CDATA[create and delete user]]>
  </system-out>
  <testcase name="f" time="0.000" classname="testNG.Flag7invocationCount"/>
  <system-out>
    <![CDATA[create and delete user]]>
  </system-out>
  <testcase name="f" time="0.000" classname="testNG.Flag7invocationCount"/>
  <system-out>
    <![CDATA[create and delete user]]>
  </system-out>
  <testcase name="f" time="0.000" classname="testNG.Flag7invocationCount"/>
  <system-out>
    <![CDATA[create and delete user]]>
  </system-out>
  <testcase name="f" time="0.000" classname="testNG.Flag7invocationCount"/>
  <system-out>
    <![CDATA[create and delete user]]>
  </system-out>
  <testcase name="f" time="0.000" classname="testNG.Flag7invocationCount"/>
  <system-out>
    <![CDATA[create and delete user]]>
  </system-out>
  <testcase name="f" time="0.000" classname="testNG.Flag7invocationCount"/>
  <system-out>
    <![CDATA[create and delete user]]>
  </system-out>
  <testcase name="f" time="0.008" classname="testNG.Flag7invocationCount"/>
  <system-out>
    <![CDATA[create and delete user]]>
  </system-out>
  <testcase name="f" time="0.000" classname="testNG.Flag7invocationCount"/>
  <system-out>
    <![CDATA[create and delete user]]>
  </system-out>
  <testcase name="f" time="0.000" classname="testNG.Flag7invocationCount"/>
  <system-out>
    <![CDATA[create and delete user]]>
  </system-out>
  <testcase name="f" time="0.000" classname="testNG.Flag7invocationCount"/>
  <system-out>
    <![CDATA[create and delete user]]>
  </system-out>
  <testcase name="f" time="0.000" classname="testNG.Flag7invocationCount"/>
  <system-out>
    <![CDATA[create and delete user]]>
  </system-out>
  <testcase name="f" time="0.000" classname="testNG.Flag7invocationCount"/>
  <system-out>
    <![CDATA[create and delete user]]>
  </system-out>
  <testcase name="f" time="0.000" classname="testNG.Flag7invocationCount"/>
  <system-out>
    <![CDATA[create and delete user]]>
  </system-out>
  <testcase name="f" time="0.000" classname="testNG.Flag7invocationCount"/>
  <system-out>
    <![CDATA[create and delete user]]>
  </system-out>
  <testcase name="f" time="0.000" classname="testNG.Flag7invocationCount"/>
  <system-out>
    <![CDATA[create and delete user]]>
  </system-out>
  <testcase name="f" time="0.000" classname="testNG.Flag7invocationCount"/>
  <system-out>
    <![CDATA[create and delete user]]>
  </system-out>
  <testcase name="f" time="0.000" classname="testNG.Flag7invocationCount"/>
  <system-out>
    <![CDATA[create and delete user]]>
  </system-out>
  <testcase name="f" time="0.000" classname="testNG.Flag7invocationCount"/>
  <system-out>
    <![CDATA[create and delete user]]>
  </system-out>
  <testcase name="f" time="0.000" classname="testNG.Flag7invocationCount"/>
  <system-out>
    <![CDATA[create and delete user]]>
  </system-out>
  <testcase name="f" time="0.000" classname="testNG.Flag7invocationCount"/>
  <system-out>
    <![CDATA[create and delete user]]>
  </system-out>
  <testcase name="f" time="0.000" classname="testNG.Flag7invocationCount"/>
  <system-out>
    <![CDATA[create and delete user]]>
  </system-out>
  <testcase name="f" time="0.000" classname="testNG.Flag7invocationCount"/>
  <system-out>
    <![CDATA[create and delete user]]>
  </system-out>
  <testcase name="f" time="0.000" classname="testNG.Flag7invocationCount"/>
  <system-out>
    <![CDATA[create and delete user]]>
  </system-out>
  <testcase name="f" time="0.000" classname="testNG.Flag7invocationCount"/>
  <system-out>
    <![CDATA[create and delete user]]>
  </system-out>
  <testcase name="f" time="0.000" classname="testNG.Flag7invocationCount"/>
  <system-out>
    <![CDATA[create and delete user]]>
  </system-out>
  <testcase name="f" time="0.000" classname="testNG.Flag7invocationCount"/>
  <system-out>
    <![CDATA[create and delete user]]>
  </system-out>
  <testcase name="f" time="0.000" classname="testNG.Flag7invocationCount"/>
  <system-out>
    <![CDATA[create and delete user]]>
  </system-out>
  <testcase name="f" time="0.000" classname="testNG.Flag7invocationCount"/>
  <system-out>
    <![CDATA[create and delete user]]>
  </system-out>
  <testcase name="f" time="0.000" classname="testNG.Flag7invocationCount"/>
  <system-out>
    <![CDATA[create and delete user]]>
  </system-out>
  <testcase name="f" time="0.000" classname="testNG.Flag7invocationCount"/>
  <system-out>
    <![CDATA[create and delete user]]>
  </system-out>
  <testcase name="f" time="0.000" classname="testNG.Flag7invocationCount"/>
  <system-out>
    <![CDATA[create and delete user]]>
  </system-out>
  <testcase name="f" time="0.000" classname="testNG.Flag7invocationCount"/>
  <system-out>
    <![CDATA[create and delete user]]>
  </system-out>
  <testcase name="f" time="0.000" classname="testNG.Flag7invocationCount"/>
  <system-out>
    <![CDATA[create and delete user]]>
  </system-out>
  <testcase name="f" time="0.000" classname="testNG.Flag7invocationCount"/>
  <system-out>
    <![CDATA[create and delete user]]>
  </system-out>
  <testcase name="f" time="0.000" classname="testNG.Flag7invocationCount"/>
  <system-out>
    <![CDATA[create and delete user]]>
  </system-out>
  <testcase name="f" time="0.000" classname="testNG.Flag7invocationCount"/>
  <system-out>
    <![CDATA[create and delete user]]>
  </system-out>
  <testcase name="f" time="0.000" classname="testNG.Flag7invocationCount"/>
  <system-out>
    <![CDATA[create and delete user]]>
  </system-out>
  <testcase name="f" time="0.000" classname="testNG.Flag7invocationCount"/>
  <system-out>
    <![CDATA[create and delete user]]>
  </system-out>
  <testcase name="f" time="0.000" classname="testNG.Flag7invocationCount"/>
  <system-out>
    <![CDATA[create and delete user]]>
  </system-out>
  <testcase name="f" time="0.000" classname="testNG.Flag7invocationCount"/>
  <system-out>
    <![CDATA[create and delete user]]>
  </system-out>
  <testcase name="f" time="0.000" classname="testNG.Flag7invocationCount"/>
  <system-out>
    <![CDATA[create and delete user]]>
  </system-out>
  <testcase name="f" time="0.000" classname="testNG.Flag7invocationCount"/>
  <system-out>
    <![CDATA[create and delete user]]>
  </system-out>
  <testcase name="f" time="0.000" classname="testNG.Flag7invocationCount"/>
  <system-out>
    <![CDATA[create and delete user]]>
  </system-out>
  <testcase name="f" time="0.000" classname="testNG.Flag7invocationCount"/>
  <system-out>
    <![CDATA[create and delete user]]>
  </system-out>
  <testcase name="f" time="0.000" classname="testNG.Flag7invocationCount"/>
  <system-out>
    <![CDATA[create and delete user]]>
  </system-out>
  <testcase name="f" time="0.000" classname="testNG.Flag7invocationCount"/>
  <system-out>
    <![CDATA[create and delete user]]>
  </system-out>
  <testcase name="f" time="0.000" classname="testNG.Flag7invocationCount"/>
  <system-out>
    <![CDATA[create and delete user]]>
  </system-out>
  <testcase name="f" time="0.000" classname="testNG.Flag7invocationCount"/>
  <system-out>
    <![CDATA[create and delete user]]>
  </system-out>
  <testcase name="f" time="0.000" classname="testNG.Flag7invocationCount"/>
  <system-out>
    <![CDATA[create and delete user]]>
  </system-out>
  <testcase name="f" time="0.000" classname="testNG.Flag7invocationCount"/>
  <system-out>
    <![CDATA[create and delete user]]>
  </system-out>
  <testcase name="f" time="0.000" classname="testNG.Flag7invocationCount"/>
  <system-out>
    <![CDATA[create and delete user]]>
  </system-out>
  <testcase name="f" time="0.000" classname="testNG.Flag7invocationCount"/>
  <system-out>
    <![CDATA[create and delete user]]>
  </system-out>
  <testcase name="f" time="0.000" classname="testNG.Flag7invocationCount"/>
  <system-out>
    <![CDATA[create and delete user]]>
  </system-out>
  <testcase name="f" time="0.000" classname="testNG.Flag7invocationCount"/>
  <system-out>
    <![CDATA[create and delete user]]>
  </system-out>
  <testcase name="f" time="0.000" classname="testNG.Flag7invocationCount"/>
  <system-out>
    <![CDATA[create and delete user]]>
  </system-out>
  <testcase name="f" time="0.000" classname="testNG.Flag7invocationCount"/>
  <system-out>
    <![CDATA[create and delete user]]>
  </system-out>
  <testcase name="f" time="0.000" classname="testNG.Flag7invocationCount"/>
  <system-out>
    <![CDATA[create and delete user]]>
  </system-out>
  <testcase name="f" time="0.000" classname="testNG.Flag7invocationCount"/>
  <system-out>
    <![CDATA[create and delete user]]>
  </system-out>
  <testcase name="f" time="0.000" classname="testNG.Flag7invocationCount"/>
  <system-out>
    <![CDATA[create and delete user]]>
  </system-out>
  <testcase name="f" time="0.000" classname="testNG.Flag7invocationCount"/>
  <system-out>
    <![CDATA[create and delete user]]>
  </system-out>
  <testcase name="f" time="0.000" classname="testNG.Flag7invocationCount"/>
  <system-out>
    <![CDATA[create and delete user]]>
  </system-out>
  <testcase name="f" time="0.000" classname="testNG.Flag7invocationCount"/>
  <system-out>
    <![CDATA[create and delete user]]>
  </system-out>
  <testcase name="f" time="0.000" classname="testNG.Flag7invocationCount"/>
  <system-out>
    <![CDATA[create and delete user]]>
  </system-out>
  <testcase name="f" time="0.000" classname="testNG.Flag7invocationCount"/>
  <system-out>
    <![CDATA[create and delete user]]>
  </system-out>
  <testcase name="f" time="0.000" classname="testNG.Flag7invocationCount"/>
  <system-out>
    <![CDATA[create and delete user]]>
  </system-out>
  <testcase name="f" time="0.000" classname="testNG.Flag7invocationCount"/>
  <system-out>
    <![CDATA[create and delete user]]>
  </system-out>
  <testcase name="f" time="0.000" classname="testNG.Flag7invocationCount"/>
  <system-out>
    <![CDATA[create and delete user]]>
  </system-out>
  <testcase name="f" time="0.000" classname="testNG.Flag7invocationCount"/>
  <system-out>
    <![CDATA[create and delete user]]>
  </system-out>
  <testcase name="f" time="0.000" classname="testNG.Flag7invocationCount"/>
  <system-out>
    <![CDATA[create and delete user]]>
  </system-out>
  <testcase name="f" time="0.000" classname="testNG.Flag7invocationCount"/>
  <system-out>
    <![CDATA[create and delete user]]>
  </system-out>
  <testcase name="f" time="0.000" classname="testNG.Flag7invocationCount"/>
  <system-out>
    <![CDATA[create and delete user]]>
  </system-out>
  <testcase name="f" time="0.000" classname="testNG.Flag7invocationCount"/>
  <system-out>
    <![CDATA[create and delete user]]>
  </system-out>
  <testcase name="f" time="0.000" classname="testNG.Flag7invocationCount"/>
  <system-out>
    <![CDATA[create and delete user]]>
  </system-out>
  <testcase name="f" time="0.000" classname="testNG.Flag7invocationCount"/>
  <system-out>
    <![CDATA[create and delete user]]>
  </system-out>
  <testcase name="f" time="0.000" classname="testNG.Flag7invocationCount"/>
  <system-out>
    <![CDATA[create and delete user]]>
  </system-out>
  <testcase name="f" time="0.000" classname="testNG.Flag7invocationCount"/>
  <system-out>
    <![CDATA[create and delete user]]>
  </system-out>
  <testcase name="f" time="0.016" classname="testNG.Flag7invocationCount"/>
  <system-out>
    <![CDATA[create and delete user]]>
  </system-out>
  <testcase name="f" time="0.000" classname="testNG.Flag7invocationCount"/>
  <system-out>
    <![CDATA[create and delete user]]>
  </system-out>
  <testcase name="f" time="0.000" classname="testNG.Flag7invocationCount"/>
  <system-out>
    <![CDATA[create and delete user]]>
  </system-out>
  <testcase name="f" time="0.000" classname="testNG.Flag7invocationCount"/>
  <system-out>
    <![CDATA[create and delete user]]>
  </system-out>
  <testcase name="f" time="0.000" classname="testNG.Flag7invocationCount"/>
  <system-out>
    <![CDATA[create and delete user]]>
  </system-out>
  <testcase name="f" time="0.000" classname="testNG.Flag7invocationCount"/>
  <system-out>
    <![CDATA[create and delete user]]>
  </system-out>
  <testcase name="f" time="0.000" classname="testNG.Flag7invocationCount"/>
  <system-out>
    <![CDATA[create and delete user]]>
  </system-out>
  <testcase name="f" time="0.002" classname="testNG.Flag7invocationCount"/>
  <system-out>
    <![CDATA[create and delete user]]>
  </system-out>
  <testcase name="f" time="0.000" classname="testNG.Flag7invocationCount"/>
  <system-out>
    <![CDATA[create and delete user]]>
  </system-out>
  <testcase name="f" time="0.000" classname="testNG.Flag7invocationCount"/>
  <system-out>
    <![CDATA[create and delete user]]>
  </system-out>
  <testcase name="f" time="0.000" classname="testNG.Flag7invocationCount"/>
  <system-out>
    <![CDATA[create and delete user]]>
  </system-out>
  <testcase name="f" time="0.000" classname="testNG.Flag7invocationCount"/>
  <system-out>
    <![CDATA[create and delete user]]>
  </system-out>
  <testcase name="f" time="0.000" classname="testNG.Flag7invocationCount"/>
  <system-out>
    <![CDATA[create and delete user]]>
  </system-out>
  <testcase name="f" time="0.008" classname="testNG.Flag7invocationCount"/>
  <system-out>
    <![CDATA[create and delete user]]>
  </system-out>
  <testcase name="f" time="0.000" classname="testNG.Flag7invocationCount"/>
  <system-out>
    <![CDATA[create and delete user]]>
  </system-out>
  <testcase name="f" time="0.000" classname="testNG.Flag7invocationCount"/>
  <system-out>
    <![CDATA[create and delete user]]>
  </system-out>
  <testcase name="f" time="0.000" classname="testNG.Flag7invocationCount"/>
  <system-out>
    <![CDATA[create and delete user]]>
  </system-out>
  <testcase name="f" time="0.000" classname="testNG.Flag7invocationCount"/>
  <system-out>
    <![CDATA[create and delete user]]>
  </system-out>
  <testcase name="f" time="0.000" classname="testNG.Flag7invocationCount"/>
  <system-out>
    <![CDATA[create and delete user]]>
  </system-out>
  <testcase name="f" time="0.000" classname="testNG.Flag7invocationCount"/>
  <system-out>
    <![CDATA[create and delete user]]>
  </system-out>
  <testcase name="f" time="0.000" classname="testNG.Flag7invocationCount"/>
  <system-out>
    <![CDATA[create and delete user]]>
  </system-out>
  <testcase name="f" time="0.000" classname="testNG.Flag7invocationCount"/>
  <system-out>
    <![CDATA[create and delete user]]>
  </system-out>
  <testcase name="f" time="0.000" classname="testNG.Flag7invocationCount"/>
  <system-out>
    <![CDATA[create and delete user]]>
  </system-out>
  <testcase name="f" time="0.000" classname="testNG.Flag7invocationCount"/>
  <system-out>
    <![CDATA[create and delete user]]>
  </system-out>
  <testcase name="f" time="0.000" classname="testNG.Flag7invocationCount"/>
  <system-out>
    <![CDATA[create and delete user]]>
  </system-out>
  <testcase name="f" time="0.000" classname="testNG.Flag7invocationCount"/>
  <system-out>
    <![CDATA[create and delete user]]>
  </system-out>
  <testcase name="f" time="0.000" classname="testNG.Flag7invocationCount"/>
  <system-out>
    <![CDATA[create and delete user]]>
  </system-out>
  <testcase name="f" time="0.000" classname="testNG.Flag7invocationCount"/>
  <system-out>
    <![CDATA[create and delete user]]>
  </system-out>
  <testcase name="f" time="0.000" classname="testNG.Flag7invocationCount"/>
  <system-out>
    <![CDATA[create and delete user]]>
  </system-out>
  <testcase name="f" time="0.000" classname="testNG.Flag7invocationCount"/>
  <system-out>
    <![CDATA[create and delete user]]>
  </system-out>
  <testcase name="f" time="0.000" classname="testNG.Flag7invocationCount"/>
  <system-out>
    <![CDATA[create and delete user]]>
  </system-out>
  <testcase name="f" time="0.000" classname="testNG.Flag7invocationCount"/>
  <system-out>
    <![CDATA[create and delete user]]>
  </system-out>
  <testcase name="f" time="0.000" classname="testNG.Flag7invocationCount"/>
  <system-out>
    <![CDATA[create and delete user]]>
  </system-out>
  <testcase name="f" time="0.000" classname="testNG.Flag7invocationCount"/>
  <system-out>
    <![CDATA[create and delete user]]>
  </system-out>
  <testcase name="f" time="0.000" classname="testNG.Flag7invocationCount"/>
  <system-out>
    <![CDATA[create and delete user]]>
  </system-out>
  <testcase name="f" time="0.000" classname="testNG.Flag7invocationCount"/>
  <system-out>
    <![CDATA[create and delete user]]>
  </system-out>
  <testcase name="f" time="0.000" classname="testNG.Flag7invocationCount"/>
  <system-out>
    <![CDATA[create and delete user]]>
  </system-out>
  <testcase name="f" time="0.000" classname="testNG.Flag7invocationCount"/>
  <system-out>
    <![CDATA[create and delete user]]>
  </system-out>
  <testcase name="f" time="0.000" classname="testNG.Flag7invocationCount"/>
  <system-out>
    <![CDATA[create and delete user]]>
  </system-out>
[...]
  <system-out>
    <![CDATA[create and delete user]]>
  </system-out>
  <testcase name="f" time="0.000" classname="testNG.Flag7invocationCount"/>
  <system-out>
    <![CDATA[create and delete user]]>
  </system-out>
  <testcase name="f" time="0.000" classname="testNG.Flag7invocationCount"/>
  <system-out>
    <![CDATA[create and delete user]]>
  </system-out>
  <testcase name="f" time="0.000" classname="testNG.Flag7invocationCount"/>
  <system-out>
    <![CDATA[create and delete user]]>
  </system-out>
  <testcase name="f" time="0.000" classname="testNG.Flag7invocationCount"/>
  <system-out>
    <![CDATA[create and delete user]]>
  </system-out>
  <testcase name="f" time="0.000" classname="testNG.Flag7invocationCount"/>
  <system-out>
    <![CDATA[create and delete user]]>
  </system-out>
  <testcase name="f" time="0.000" classname="testNG.Flag7invocationCount"/>
  <system-out>
    <![CDATA[create and delete user]]>
  </system-out>
  <testcase name="f" time="0.000" classname="testNG.Flag7invocationCount"/>
  <system-out>
    <![CDATA[create and delete user]]>
  </system-out>
  <testcase name="f" time="0.000" classname="testNG.Flag7invocationCount"/>
  <system-out>
    <![CDATA[create and delete user]]>
  </system-out>
  <testcase name="f" time="0.000" classname="testNG.Flag7invocationCount"/>
  <system-out>
    <![CDATA[create and delete user]]>
  </system-out>
  <testcase name="f" time="0.000" classname="testNG.Flag7invocationCount"/>
  <system-out>
    <![CDATA[create and delete user]]>
  </system-out>
  <testcase name="f" time="0.000" classname="testNG.Flag7invocationCount"/>
  <system-out>
    <![CDATA[create and delete user]]>
  </system-out>
  <testcase name="f" time="0.000" classname="testNG.Flag7invocationCount"/>
  <system-out>
    <![CDATA[create and delete user]]>
  </system-out>
  <testcase name="f" time="0.000" classname="testNG.Flag7invocationCount"/>
  <system-out>
    <![CDATA[create and delete user]]>
  </system-out>
  <testcase name="f" time="0.000" classname="testNG.Flag7invocationCount"/>
  <system-out>
    <![CDATA[create and delete user]]>
  </system-out>
  <testcase name="f" time="0.000" classname="testNG.Flag7invocationCount"/>
  <system-out>
    <![CDATA[create and delete user]]>
  </system-out>
  <testcase name="f" time="0.000" classname="testNG.Flag7invocationCount"/>
  <system-out>
    <![CDATA[create and delete user]]>
  </system-out>
  <testcase name="f" time="0.000" classname="testNG.Flag7invocationCount"/>
  <system-out>
    <![CDATA[create and delete user]]>
  </system-out>
  <testcase name="f" time="0.000" classname="testNG.Flag7invocationCount"/>
  <system-out>
    <![CDATA[create and delete user]]>
  </system-out>
  <testcase name="f" time="0.000" classname="testNG.Flag7invocationCount"/>
  <system-out>
    <![CDATA[create and delete user]]>
  </system-out>
  <testcase name="f" time="0.000" classname="testNG.Flag7invocationCount"/>
  <system-out>
    <![CDATA[create and delete user]]>
  </system-out>
  <testcase name="f" time="0.000" classname="testNG.Flag7invocationCount"/>
  <system-out>
    <![CDATA[create and delete user]]>
  </system-out>
  <testcase name="f" time="0.000" classname="testNG.Flag7invocationCount"/>
  <system-out>
    <![CDATA[create and delete user]]>
  </system-out>
  <testcase name="f" time="0.000" classname="testNG.Flag7invocationCount"/>
  <system-out>
    <![CDATA[create and delete user]]>
  </system-out>
  <testcase name="f" time="0.000" classname="testNG.Flag7invocationCount"/>
  <system-out>
    <![CDATA[create and delete user]]>
  </system-out>
  <testcase name="f" time="0.000" classname="testNG.Flag7invocationCount"/>
  <system-out>
    <![CDATA[create and delete user]]>
  </system-out>
  <testcase name="f" time="0.000" classname="testNG.Flag7invocationCount"/>
  <system-out>
    <![CDATA[create and delete user]]>
  </system-out>
  <testcase name="f" time="0.000" classname="testNG.Flag7invocationCount"/>
  <system-out>
    <![CDATA[create and delete user]]>
  </system-out>
  <testcase name="f" time="0.000" classname="testNG.Flag7invocationCount"/>
  <system-out>
    <![CDATA[create and delete user]]>
  </system-out>
  <testcase name="f" time="0.000" classname="testNG.Flag7invocationCount"/>
  <system-out>
    <![CDATA[create and delete user]]>
  </system-out>
  <testcase name="f" time="0.000" classname="testNG.Flag7invocationCount"/>
  <system-out>
    <![CDATA[create and delete user]]>
  </system-out>
  <testcase name="f" time="0.000" classname="testNG.Flag7invocationCount"/>
  <system-out>
    <![CDATA[create and delete user]]>
  </system-out>
  <testcase name="f" time="0.000" classname="testNG.Flag7invocationCount"/>
  <system-out>
    <![CDATA[create and delete user]]>
  </system-out>
  <testcase name="f" time="0.000" classname="testNG.Flag7invocationCount"/>
  <system-out>
    <![CDATA[create and delete user]]>
  </system-out>
  <testcase name="f" time="0.000" classname="testNG.Flag7invocationCount"/>
  <system-out>
    <![CDATA[create and delete user]]>
  </system-out>
  <testcase name="f" time="0.000" classname="testNG.Flag7invocationCount"/>
  <system-out>
    <![CDATA[create and delete user]]>
  </system-out>
  <testcase name="f" time="0.000" classname="testNG.Flag7invocationCount"/>
  <system-out>
    <![CDATA[create and delete user]]>
  </system-out>
  <testcase name="f" time="0.000" classname="testNG.Flag7invocationCount"/>
  <system-out>
    <![CDATA[create and delete user]]>
  </system-out>
  <testcase name="f" time="0.000" classname="testNG.Flag7invocationCount"/>
  <system-out>
    <![CDATA[create and delete user]]>
  </system-out>
  <testcase name="f" time="0.000" classname="testNG.Flag7invocationCount"/>
  <system-out>
    <![CDATA[create and delete user]]>
  </system-out>
  <testcase name="f" time="0.000" classname="testNG.Flag7invocationCount"/>
  <system-out>
    <![CDATA[create and delete user]]>
  </system-out>
  <testcase name="f" time="0.000" classname="testNG.Flag7invocationCount"/>
  <system-out>
    <![CDATA[create and delete user]]>
  </system-out>
  <testcase name="f" time="0.000" classname="testNG.Flag7invocationCount"/>
  <system-out>
    <![CDATA[create and delete user]]>
  </system-out>
  <testcase name="f" time="0.000" classname="testNG.Flag7invocationCount"/>
  <system-out>
    <![CDATA[create and delete user]]>
  </system-out>
  <testcase name="f" time="0.000" classname="testNG.Flag7invocationCount"/>
  <system-out>
    <![CDATA[create and delete user]]>
  </system-out>
  <testcase name="f" time="0.000" classname="testNG.Flag7invocationCount"/>
  <system-out>
    <![CDATA[create and delete user]]>
  </system-out>
  <testcase name="f" time="0.000" classname="testNG.Flag7invocationCount"/>
  <system-out>
    <![CDATA[create and delete user]]>
  </system-out>
  <testcase name="f" time="0.000" classname="testNG.Flag7invocationCount"/>
  <system-out>
    <![CDATA[create and delete user]]>
  </system-out>
  <testcase name="f" time="0.000" classname="testNG.Flag7invocationCount"/>
  <system-out>
    <![CDATA[create and delete user]]>
  </system-out>
  <testcase name="f" time="0.002" classname="testNG.Flag7invocationCount"/>
  <system-out>
    <![CDATA[create and delete user]]>
  </system-out>
  <testcase name="f" time="0.000" classname="testNG.Flag7invocationCount"/>
  <system-out>
    <![CDATA[create and delete user]]>
  </system-out>
  <testcase name="f" time="0.000" classname="testNG.Flag7invocationCount"/>
  <system-out>
    <![CDATA[create and delete user]]>
  </system-out>
  <testcase name="f" time="0.000" classname="testNG.Flag7invocationCount"/>
  <system-out>
    <![CDATA[create and delete user]]>
  </system-out>
  <testcase name="f" time="0.000" classname="testNG.Flag7invocationCount"/>
  <system-out>
    <![CDATA[create and delete user]]>
  </system-out>
  <testcase name="f" time="0.000" classname="testNG.Flag7invocationCount"/>
  <system-out>
    <![CDATA[create and delete user]]>
  </system-out>
  <testcase name="f" time="0.000" classname="testNG.Flag7invocationCount"/>
  <system-out>
    <![CDATA[create and delete user]]>
  </system-out>
  <testcase name="f" time="0.000" classname="testNG.Flag7invocationCount"/>
  <system-out>
    <![CDATA[create and delete user]]>
  </system-out>
  <testcase name="f" time="0.000" classname="testNG.Flag7invocationCount"/>
  <system-out>
    <![CDATA[create and delete user]]>
  </system-out>
  <testcase name="f" time="0.000" classname="testNG.Flag7invocationCount"/>
  <system-out>
    <![CDATA[create and delete user]]>
  </system-out>
  <testcase name="f" time="0.000" classname="testNG.Flag7invocationCount"/>
  <system-out>
    <![CDATA[create and delete user]]>
  </system-out>
  <testcase name="f" time="0.000" classname="testNG.Flag7invocationCount"/>
  <system-out>
    <![CDATA[create and delete user]]>
  </system-out>
  <testcase name="f" time="0.000" classname="testNG.Flag7invocationCount"/>
  <system-out>
    <![CDATA[create and delete user]]>
  </system-out>
  <testcase name="f" time="0.000" classname="testNG.Flag7invocationCount"/>
  <system-out>
    <![CDATA[create and delete user]]>
  </system-out>
  <testcase name="f" time="0.000" classname="testNG.Flag7invocationCount"/>
  <system-out>
    <![CDATA[create and delete user]]>
  </system-out>
  <testcase name="f" time="0.000" classname="testNG.Flag7invocationCount"/>
  <system-out>
    <![CDATA[create and delete user]]>
  </system-out>
  <testcase name="f" time="0.002" classname="testNG.Flag7invocationCount"/>
  <system-out>
    <![CDATA[create and delete user]]>
  </system-out>
  <testcase name="f" time="0.002" classname="testNG.Flag7invocationCount"/>
  <system-out>
    <![CDATA[create and delete user]]>
  </system-out>
  <testcase name="f" time="0.000" classname="testNG.Flag7invocationCount"/>
  <system-out>
    <![CDATA[create and delete user]]>
  </system-out>
  <testcase name="f" time="0.000" classname="testNG.Flag7invocationCount"/>
  <system-out>
    <![CDATA[create and delete user]]>
  </system-out>
  <testcase name="f" time="0.000" classname="testNG.Flag7invocationCount"/>
  <system-out>
    <![CDATA[create and delete user]]>
  </system-out>
  <testcase name="f" time="0.000" classname="testNG.Flag7invocationCount"/>
  <system-out>
    <![CDATA[create and delete user]]>
  </system-out>
  <testcase name="f" time="0.000" classname="testNG.Flag7invocationCount"/>
  <system-out>
    <![CDATA[create and delete user]]>
  </system-out>
  <testcase name="f" time="0.000" classname="testNG.Flag7invocationCount"/>
  <system-out>
    <![CDATA[create and delete user]]>
  </system-out>
  <testcase name="f" time="0.000" classname="testNG.Flag7invocationCount"/>
  <system-out>
    <![CDATA[create and delete user]]>
  </system-out>
  <testcase name="f" time="0.011" classname="testNG.Flag7invocationCount"/>
  <system-out>
    <![CDATA[create and delete user]]>
  </system-out>
  <testcase name="f" time="0.000" classname="testNG.Flag7invocationCount"/>
  <system-out>
    <![CDATA[create and delete user]]>
  </system-out>
  <testcase name="f" time="0.000" classname="testNG.Flag7invocationCount"/>
  <system-out>
    <![CDATA[create and delete user]]>
  </system-out>
  <testcase name="f" time="0.000" classname="testNG.Flag7invocationCount"/>
  <system-out>
    <![CDATA[create and delete user]]>
  </system-out>
  <testcase name="f" time="0.000" classname="testNG.Flag7invocationCount"/>
  <system-out>
    <![CDATA[create and delete user]]>
  </system-out>
  <testcase name="f" time="0.000" classname="testNG.Flag7invocationCount"/>
  <system-out>
    <![CDATA[create and delete user]]>
  </system-out>
  <testcase name="f" time="0.000" classname="testNG.Flag7invocationCount"/>
  <system-out>
    <![CDATA[create and delete user]]>
  </system-out>
  <testcase name="f" time="0.000" classname="testNG.Flag7invocationCount"/>
  <system-out>
    <![CDATA[create and delete user]]>
  </system-out>
  <testcase name="f" time="0.000" classname="testNG.Flag7invocationCount"/>
  <system-out>
    <![CDATA[create and delete user]]>
  </system-out>
  <testcase name="f" time="0.000" classname="testNG.Flag7invocationCount"/>
  <system-out>
    <![CDATA[create and delete user]]>
  </system-out>
  <testcase name="f" time="0.000" classname="testNG.Flag7invocationCount"/>
  <system-out>
    <![CDATA[create and delete user]]>
  </system-out>
  <testcase name="f" time="0.000" classname="testNG.Flag7invocationCount"/>
  <system-out>
    <![CDATA[create and delete user]]>
  </system-out>
  <testcase name="f" time="0.000" classname="testNG.Flag7invocationCount"/>
  <system-out>
    <![CDATA[create and delete user]]>
  </system-out>
  <testcase name="f" time="0.000" classname="testNG.Flag7invocationCount"/>
  <system-out>
    <![CDATA[create and delete user]]>
  </system-out>
  <testcase name="f" time="0.000" classname="testNG.Flag7invocationCount"/>
  <system-out>
    <![CDATA[create and delete user]]>
  </system-out>
  <testcase name="f" time="0.000" classname="testNG.Flag7invocationCount"/>
  <system-out>
    <![CDATA[create and delete user]]>
  </system-out>
  <testcase name="f" time="0.000" classname="testNG.Flag7invocationCount"/>
  <system-out>
    <![CDATA[create and delete user]]>
  </system-out>
  <testcase name="f" time="0.000" classname="testNG.Flag7invocationCount"/>
  <system-out>
    <![CDATA[create and delete user]]>
  </system-out>
  <testcase name="f" time="0.000" classname="testNG.Flag7invocationCount"/>
  <system-out>
    <![CDATA[create and delete user]]>
  </system-out>
  <testcase name="f" time="0.000" classname="testNG.Flag7invocationCount"/>
  <system-out>
    <![CDATA[create and delete user]]>
  </system-out>
  <testcase name="f" time="0.000" classname="testNG.Flag7invocationCount"/>
  <system-out>
    <![CDATA[create and delete user]]>
  </system-out>
  <testcase name="f" time="0.000" classname="testNG.Flag7invocationCount"/>
  <system-out>
    <![CDATA[create and delete user]]>
  </system-out>
  <testcase name="f" time="0.000" classname="testNG.Flag7invocationCount"/>
  <system-out>
    <![CDATA[create and delete user]]>
  </system-out>
  <testcase name="f" time="0.000" classname="testNG.Flag7invocationCount"/>
  <system-out>
    <![CDATA[create and delete user]]>
  </system-out>
  <testcase name="f" time="0.000" classname="testNG.Flag7invocationCount"/>
  <system-out>
    <![CDATA[create and delete user]]>
  </system-out>
  <testcase name="f" time="0.000" classname="testNG.Flag7invocationCount"/>
  <system-out>
    <![CDATA[create and delete user]]>
  </system-out>
  <testcase name="f" time="0.000" classname="testNG.Flag7invocationCount"/>
  <system-out>
    <![CDATA[create and delete user]]>
  </system-out>
  <testcase name="f" time="0.000" classname="testNG.Flag7invocationCount"/>
  <system-out>
    <![CDATA[create and delete user]]>
  </system-out>
  <testcase name="f" time="0.008" classname="testNG.Flag7invocationCount"/>
  <system-out>
    <![CDATA[create and delete user]]>
  </system-out>
  <testcase name="f" time="0.000" classname="testNG.Flag7invocationCount"/>
  <system-out>
    <![CDATA[create and delete user]]>
  </system-out>
  <testcase name="f" time="0.000" classname="testNG.Flag7invocationCount"/>
  <system-out>
    <![CDATA[create and delete user]]>
  </system-out>
  <testcase name="f" time="0.000" classname="testNG.Flag7invocationCount"/>
  <system-out>
    <![CDATA[create and delete user]]>
  </system-out>
  <testcase name="f" time="0.000" classname="testNG.Flag7invocationCount"/>
  <system-out>
    <![CDATA[create and delete user]]>
  </system-out>
  <testcase name="f" time="0.000" classname="testNG.Flag7invocationCount"/>
  <system-out>
    <![CDATA[create and delete user]]>
  </system-out>
  <testcase name="f" time="0.000" classname="testNG.Flag7invocationCount"/>
  <system-out>
    <![CDATA[create and delete user]]>
  </system-out>
  <testcase name="f" time="0.000" classname="testNG.Flag7invocationCount"/>
  <system-out>
    <![CDATA[create and delete user]]>
  </system-out>
  <testcase name="f" time="0.000" classname="testNG.Flag7invocationCount"/>
  <system-out>
    <![CDATA[create and delete user]]>
  </system-out>
  <testcase name="f" time="0.000" classname="testNG.Flag7invocationCount"/>
  <system-out>
    <![CDATA[create and delete user]]>
  </system-out>
  <testcase name="f" time="0.008" classname="testNG.Flag7invocationCount"/>
  <system-out>
    <![CDATA[create and delete user]]>
  </system-out>
  <testcase name="f" time="0.000" classname="testNG.Flag7invocationCount"/>
  <system-out>
    <![CDATA[create and delete user]]>
  </system-out>
  <testcase name="f" time="0.000" classname="testNG.Flag7invocationCount"/>
  <system-out>
    <![CDATA[create and delete user]]>
  </system-out>
  <testcase name="f" time="0.000" classname="testNG.Flag7invocationCount"/>
  <system-out>
    <![CDATA[create and delete user]]>
  </system-out>
  <testcase name="f" time="0.000" classname="testNG.Flag7invocationCount"/>
  <system-out>
    <![CDATA[create and delete user]]>
  </system-out>
  <testcase name="f" time="0.000" classname="testNG.Flag7invocationCount"/>
  <system-out>
    <![CDATA[create and delete user]]>
  </system-out>
  <testcase name="f" time="0.000" classname="testNG.Flag7invocationCount"/>
  <system-out>
    <![CDATA[create and delete user]]>
  </system-out>
  <testcase name="f" time="0.000" classname="testNG.Flag7invocationCount"/>
  <system-out>
    <![CDATA[create and delete user]]>
  </system-out>
  <testcase name="f" time="0.000" classname="testNG.Flag7invocationCount"/>
  <system-out>
    <![CDATA[create and delete user]]>
  </system-out>
  <testcase name="f" time="0.000" classname="testNG.Flag7invocationCount"/>
  <system-out>
    <![CDATA[create and delete user]]>
  </system-out>
  <testcase name="f" time="0.000" classname="testNG.Flag7invocationCount"/>
  <system-out>
    <![CDATA[create and delete user]]>
  </system-out>
  <testcase name="f" time="0.000" classname="testNG.Flag7invocationCount"/>
  <system-out>
    <![CDATA[create and delete user]]>
  </system-out>
  <testcase name="f" time="0.000" classname="testNG.Flag7invocationCount"/>
  <system-out>
    <![CDATA[create and delete user]]>
  </system-out>
  <testcase name="f" time="0.000" classname="testNG.Flag7invocationCount"/>
  <system-out>
    <![CDATA[create and delete user]]>
  </system-out>
  <testcase name="f" time="0.000" classname="testNG.Flag7invocationCount"/>
  <system-out>
    <![CDATA[create and delete user]]>
  </system-out>
  <testcase name="f" time="0.000" classname="testNG.Flag7invocationCount"/>
  <system-out>
    <![CDATA[create and delete user]]>
  </system-out>
  <testcase name="f" time="0.000" classname="testNG.Flag7invocationCount"/>
  <system-out>
    <![CDATA[create and delete user]]>
  </system-out>
  <testcase name="f" time="0.000" classname="testNG.Flag7invocationCount"/>
  <system-out>
    <![CDATA[create and delete user]]>
  </system-out>
  <testcase name="f" time="0.000" classname="testNG.Flag7invocationCount"/>
  <system-out>
    <![CDATA[create and delete user]]>
  </system-out>
  <testcase name="f" time="0.000" classname="testNG.Flag7invocationCount"/>
  <system-out>
    <![CDATA[create and delete user]]>
  </system-out>
  <testcase name="f" time="0.000" classname="testNG.Flag7invocationCount"/>
  <system-out>
    <![CDATA[create and delete user]]>
  </system-out>
  <testcase name="f" time="0.000" classname="testNG.Flag7invocationCount"/>
  <system-out>
    <![CDATA[create and delete user]]>
  </system-out>
  <testcase name="f" time="0.000" classname="testNG.Flag7invocationCount"/>
  <system-out>
    <![CDATA[create and delete user]]>
  </system-out>
  <testcase name="f" time="0.000" classname="testNG.Flag7invocationCount"/>
  <system-out>
    <![CDATA[create and delete user]]>
  </system-out>
  <testcase name="f" time="0.016" classname="testNG.Flag7invocationCount"/>
  <system-out>
    <![CDATA[create and delete user]]>
  </system-out>
</testsuite> <!-- testNG.Flag7invocationCount -->
